2019-04-01 15:50:17,248 INFO WEIGHT LAYER 1: ABSAV = 0.059705, SD =0.076114, ABSMAX =0.371668, ABSMIN =0.000044
2019-04-01 15:50:17,326 INFO WEIGHT LAYER 2: ABSAV = 1.001885, SD =0.017761, ABSMAX =1.045825, ABSMIN =0.961394
2019-04-01 15:50:17,437 INFO WEIGHT LAYER 4: ABSAV = 0.026237, SD =0.031087, ABSMAX =0.116808, ABSMIN =0.000000
2019-04-01 15:50:17,518 INFO WEIGHT LAYER 5: ABSAV = 1.000026, SD =0.012199, ABSMAX =1.036198, ABSMIN =0.963767
2019-04-01 15:50:17,617 INFO WEIGHT LAYER 7: ABSAV = 0.026229, SD =0.030995, ABSMAX =0.137606, ABSMIN =0.000001
2019-04-01 15:50:17,712 INFO WEIGHT LAYER 8: ABSAV = 1.000759, SD =0.012613, ABSMAX =1.042507, ABSMIN =0.967269
2019-04-01 15:50:17,808 INFO WEIGHT LAYER 11: ABSAV = 0.025742, SD =0.030244, ABSMAX =0.103088, ABSMIN =0.000001
2019-04-01 15:50:17,893 INFO WEIGHT LAYER 12: ABSAV = 1.000001, SD =0.010413, ABSMAX =1.024300, ABSMIN =0.973266
2019-04-01 15:50:17,989 INFO WEIGHT LAYER 14: ABSAV = 0.025624, SD =0.030090, ABSMAX =0.100647, ABSMIN =0.000001
2019-04-01 15:50:18,086 INFO WEIGHT LAYER 15: ABSAV = 0.999436, SD =0.009392, ABSMAX =1.023907, ABSMIN =0.984064
2019-04-01 15:50:18,163 INFO WEIGHT LAYER 18: ABSAV = 0.025484, SD =0.029846, ABSMAX =0.092997, ABSMIN =0.000000
2019-04-01 15:50:18,237 INFO WEIGHT LAYER 19: ABSAV = 1.000280, SD =0.008237, ABSMAX =1.028451, ABSMIN =0.983103
2019-04-01 15:50:18,312 INFO WEIGHT LAYER 21: ABSAV = 0.025363, SD =0.029661, ABSMAX =0.098432, ABSMIN =0.000001
2019-04-01 15:50:18,384 INFO WEIGHT LAYER 22: ABSAV = 1.000075, SD =0.008226, ABSMAX =1.025760, ABSMIN =0.980982
2019-04-01 15:50:18,457 INFO WEIGHT LAYER 25: ABSAV = 0.025337, SD =0.029617, ABSMAX =0.099668, ABSMIN =0.000001
2019-04-01 15:50:18,528 INFO WEIGHT LAYER 26: ABSAV = 1.000001, SD =0.008074, ABSMAX =1.018552, ABSMIN =0.982664
2019-04-01 15:50:18,601 INFO WEIGHT LAYER 28: ABSAV = 0.025286, SD =0.029517, ABSMAX =0.101888, ABSMIN =0.000000
2019-04-01 15:50:18,673 INFO WEIGHT LAYER 29: ABSAV = 0.998724, SD =0.007075, ABSMAX =1.016160, ABSMIN =0.981545
2019-04-01 15:50:18,745 INFO WEIGHT LAYER 32: ABSAV = 0.025177, SD =0.029378, ABSMAX =0.085970, ABSMIN =0.000000
2019-04-01 15:50:18,817 INFO WEIGHT LAYER 33: ABSAV = 1.000013, SD =0.006670, ABSMAX =1.017516, ABSMIN =0.985894
2019-04-01 15:50:18,903 INFO WEIGHT LAYER 35: ABSAV = 0.025242, SD =0.029394, ABSMAX =0.092386, ABSMIN =0.000002
2019-04-01 15:50:18,987 INFO WEIGHT LAYER 36: ABSAV = 0.999153, SD =0.006515, ABSMAX =1.014968, ABSMIN =0.982068
2019-04-01 15:50:19,063 INFO WEIGHT LAYER 39: ABSAV = 0.156176, SD =0.174073, ABSMAX =0.408288, ABSMIN =0.001252
2019-04-01 15:50:19,135 INFO WEIGHT LAYER 40: ABSAV = 0.414415, SD =0.000000, ABSMAX =0.414415, ABSMIN =0.414415
2019-04-01 15:50:19,212 INFO WEIGHT LAYER 42: ABSAV = 0.136174, SD =0.157286, ABSMAX =0.322812, ABSMIN =0.000403
2019-04-01 15:50:19,331 INFO WEIGHT LAYER 44: ABSAV = 0.634861, SD =0.026974, ABSMAX =0.661835, ABSMIN =0.607887
2019-04-01 15:50:19,439 INFO WEIGHT LAYER 45: ABSAV = 0.244459, SD =0.276272, ABSMAX =0.543210, ABSMIN =0.002915
2019-04-01 15:50:19,539 INFO WEIGHT LAYER 49: ABSAV = 0.286415, SD =0.313175, ABSMAX =0.477102, ABSMIN =0.019960
2019-04-01 15:50:19,614 INFO WEIGHT LAYER 50: ABSAV = 0.225709, SD =0.257085, ABSMAX =0.483093, ABSMIN =0.001006
2019-04-01 15:50:19,614 INFO ------------------
2019-04-01 15:50:19,617 INFO BIAS LAYER 2: ABSAV = 0.013968, SD =0.017293, ABSMAX =0.042291, ABSMIN =0.000018
2019-04-01 15:50:19,618 INFO BIAS LAYER 5: ABSAV = 0.008107, SD =0.009934, ABSMAX =0.034201, ABSMIN =0.000171
2019-04-01 15:50:19,619 INFO BIAS LAYER 8: ABSAV = 0.009976, SD =0.012035, ABSMAX =0.030423, ABSMIN =0.000370
2019-04-01 15:50:19,620 INFO BIAS LAYER 12: ABSAV = 0.007797, SD =0.009226, ABSMAX =0.023430, ABSMIN =0.000355
2019-04-01 15:50:19,622 INFO BIAS LAYER 15: ABSAV = 0.007857, SD =0.009570, ABSMAX =0.022666, ABSMIN =0.000156
2019-04-01 15:50:19,623 INFO BIAS LAYER 19: ABSAV = 0.006133, SD =0.007786, ABSMAX =0.023328, ABSMIN =0.000101
2019-04-01 15:50:19,624 INFO BIAS LAYER 22: ABSAV = 0.006046, SD =0.007630, ABSMAX =0.020287, ABSMIN =0.000115
2019-04-01 15:50:19,625 INFO BIAS LAYER 26: ABSAV = 0.007269, SD =0.008944, ABSMAX =0.021413, ABSMIN =0.000021
2019-04-01 15:50:19,626 INFO BIAS LAYER 29: ABSAV = 0.004716, SD =0.005817, ABSMAX =0.015299, ABSMIN =0.000078
2019-04-01 15:50:19,628 INFO BIAS LAYER 33: ABSAV = 0.005860, SD =0.007312, ABSMAX =0.020975, ABSMIN =0.000188
2019-04-01 15:50:19,630 INFO BIAS LAYER 36: ABSAV = 0.002412, SD =0.003192, ABSMAX =0.009875, ABSMIN =0.000144
2019-04-01 15:50:19,631 INFO BIAS LAYER 40: ABSAV = 0.239850, SD =0.000000, ABSMAX =0.239850, ABSMIN =0.239850
2019-04-01 15:50:19,633 INFO BIAS LAYER 44: ABSAV = 0.131628, SD =0.004689, ABSMAX =0.136317, ABSMIN =0.126939
2019-04-01 15:50:19,634 INFO ******************
2019-04-01 15:50:56,461 INFO WEIGHT LAYER 1: ABSAV = 0.067122, SD =0.086060, ABSMAX =0.374396, ABSMIN =0.000049
2019-04-01 15:50:56,463 INFO WEIGHT LAYER 2: ABSAV = 1.007260, SD =0.025307, ABSMAX =1.070017, ABSMIN =0.955559
2019-04-01 15:50:56,465 INFO WEIGHT LAYER 4: ABSAV = 0.026279, SD =0.031298, ABSMAX =0.121936, ABSMIN =0.000001
2019-04-01 15:50:56,466 INFO WEIGHT LAYER 5: ABSAV = 1.000025, SD =0.014729, ABSMAX =1.045160, ABSMIN =0.969576
2019-04-01 15:50:56,469 INFO WEIGHT LAYER 7: ABSAV = 0.026220, SD =0.031121, ABSMAX =0.131165, ABSMIN =0.000000
2019-04-01 15:50:56,470 INFO WEIGHT LAYER 8: ABSAV = 1.001314, SD =0.016893, ABSMAX =1.049226, ABSMIN =0.959989
2019-04-01 15:50:56,472 INFO WEIGHT LAYER 11: ABSAV = 0.025598, SD =0.030156, ABSMAX =0.104874, ABSMIN =0.000002
2019-04-01 15:50:56,473 INFO WEIGHT LAYER 12: ABSAV = 1.000041, SD =0.011307, ABSMAX =1.028759, ABSMIN =0.973442
2019-04-01 15:50:56,474 INFO WEIGHT LAYER 14: ABSAV = 0.025413, SD =0.029912, ABSMAX =0.098609, ABSMIN =0.000000
2019-04-01 15:50:56,475 INFO WEIGHT LAYER 15: ABSAV = 0.998615, SD =0.011051, ABSMAX =1.027582, ABSMIN =0.979880
2019-04-01 15:50:56,476 INFO WEIGHT LAYER 18: ABSAV = 0.025212, SD =0.029583, ABSMAX =0.092648, ABSMIN =0.000000
2019-04-01 15:50:56,477 INFO WEIGHT LAYER 19: ABSAV = 1.000292, SD =0.009084, ABSMAX =1.031200, ABSMIN =0.982715
2019-04-01 15:50:56,478 INFO WEIGHT LAYER 21: ABSAV = 0.025073, SD =0.029354, ABSMAX =0.095586, ABSMIN =0.000000
2019-04-01 15:50:56,479 INFO WEIGHT LAYER 22: ABSAV = 0.998603, SD =0.009023, ABSMAX =1.031834, ABSMIN =0.972204
2019-04-01 15:50:56,480 INFO WEIGHT LAYER 25: ABSAV = 0.025012, SD =0.029268, ABSMAX =0.100661, ABSMIN =0.000000
2019-04-01 15:50:56,481 INFO WEIGHT LAYER 26: ABSAV = 1.000001, SD =0.009616, ABSMAX =1.026020, ABSMIN =0.981736
2019-04-01 15:50:56,482 INFO WEIGHT LAYER 28: ABSAV = 0.024948, SD =0.029151, ABSMAX =0.102047, ABSMIN =0.000001
2019-04-01 15:50:56,483 INFO WEIGHT LAYER 29: ABSAV = 0.996917, SD =0.007670, ABSMAX =1.015388, ABSMIN =0.978431
2019-04-01 15:50:56,484 INFO WEIGHT LAYER 32: ABSAV = 0.024826, SD =0.028985, ABSMAX =0.085315, ABSMIN =0.000001
2019-04-01 15:50:56,485 INFO WEIGHT LAYER 33: ABSAV = 1.000026, SD =0.007009, ABSMAX =1.015026, ABSMIN =0.983247
2019-04-01 15:50:56,486 INFO WEIGHT LAYER 35: ABSAV = 0.024887, SD =0.028998, ABSMAX =0.088748, ABSMIN =0.000000
2019-04-01 15:50:56,487 INFO WEIGHT LAYER 36: ABSAV = 0.997195, SD =0.006517, ABSMAX =1.011962, ABSMIN =0.980825
2019-04-01 15:50:56,487 INFO WEIGHT LAYER 39: ABSAV = 0.159140, SD =0.181483, ABSMAX =0.446481, ABSMIN =0.003222
2019-04-01 15:50:56,488 INFO WEIGHT LAYER 40: ABSAV = 0.666616, SD =0.000000, ABSMAX =0.666616, ABSMIN =0.666616
2019-04-01 15:50:56,488 INFO WEIGHT LAYER 42: ABSAV = 0.135527, SD =0.156994, ABSMAX =0.304494, ABSMIN =0.001294
2019-04-01 15:50:56,489 INFO WEIGHT LAYER 44: ABSAV = 0.717181, SD =0.033584, ABSMAX =0.750765, ABSMIN =0.683596
2019-04-01 15:50:56,490 INFO WEIGHT LAYER 45: ABSAV = 0.240710, SD =0.274628, ABSMAX =0.595676, ABSMIN =0.003434
2019-04-01 15:50:56,490 INFO WEIGHT LAYER 49: ABSAV = 0.257198, SD =0.296268, ABSMAX =0.496626, ABSMIN =0.002416
2019-04-01 15:50:56,491 INFO WEIGHT LAYER 50: ABSAV = 0.224852, SD =0.256884, ABSMAX =0.469664, ABSMIN =0.000989
2019-04-01 15:50:56,491 INFO ------------------
2019-04-01 15:50:56,492 INFO BIAS LAYER 2: ABSAV = 0.022711, SD =0.018241, ABSMAX =0.062277, ABSMIN =0.000009
2019-04-01 15:50:56,493 INFO BIAS LAYER 5: ABSAV = 0.013249, SD =0.011725, ABSMAX =0.046984, ABSMIN =0.000454
2019-04-01 15:50:56,494 INFO BIAS LAYER 8: ABSAV = 0.015616, SD =0.011663, ABSMAX =0.044895, ABSMIN =0.000296
2019-04-01 15:50:56,495 INFO BIAS LAYER 12: ABSAV = 0.008882, SD =0.009383, ABSMAX =0.030855, ABSMIN =0.000361
2019-04-01 15:50:56,496 INFO BIAS LAYER 15: ABSAV = 0.010427, SD =0.009440, ABSMAX =0.024245, ABSMIN =0.000297
2019-04-01 15:50:56,497 INFO BIAS LAYER 19: ABSAV = 0.006746, SD =0.007846, ABSMAX =0.019583, ABSMIN =0.000069
2019-04-01 15:50:56,498 INFO BIAS LAYER 22: ABSAV = 0.007292, SD =0.007897, ABSMAX =0.023395, ABSMIN =0.000122
2019-04-01 15:50:56,499 INFO BIAS LAYER 26: ABSAV = 0.007314, SD =0.009099, ABSMAX =0.021538, ABSMIN =0.000209
2019-04-01 15:50:56,500 INFO BIAS LAYER 29: ABSAV = 0.005870, SD =0.006363, ABSMAX =0.017750, ABSMIN =0.000012
2019-04-01 15:50:56,501 INFO BIAS LAYER 33: ABSAV = 0.005932, SD =0.007334, ABSMAX =0.018850, ABSMIN =0.000057
2019-04-01 15:50:56,502 INFO BIAS LAYER 36: ABSAV = 0.002877, SD =0.003484, ABSMAX =0.010985, ABSMIN =0.000070
2019-04-01 15:50:56,503 INFO BIAS LAYER 40: ABSAV = 0.167141, SD =0.000000, ABSMAX =0.167141, ABSMIN =0.167141
2019-04-01 15:50:56,504 INFO BIAS LAYER 44: ABSAV = 0.180927, SD =0.025152, ABSMAX =0.206079, ABSMIN =0.155775
2019-04-01 15:50:56,505 INFO ******************
2019-04-01 15:51:31,319 INFO WEIGHT LAYER 1: ABSAV = 0.073466, SD =0.094515, ABSMAX =0.371906, ABSMIN =0.000038
2019-04-01 15:51:31,321 INFO WEIGHT LAYER 2: ABSAV = 1.009866, SD =0.030740, ABSMAX =1.093373, ABSMIN =0.950527
2019-04-01 15:51:31,323 INFO WEIGHT LAYER 4: ABSAV = 0.026297, SD =0.031448, ABSMAX =0.117897, ABSMIN =0.000000
2019-04-01 15:51:31,325 INFO WEIGHT LAYER 5: ABSAV = 0.999981, SD =0.017615, ABSMAX =1.045303, ABSMIN =0.955598
2019-04-01 15:51:31,329 INFO WEIGHT LAYER 7: ABSAV = 0.026171, SD =0.031186, ABSMAX =0.132358, ABSMIN =0.000001
2019-04-01 15:51:31,331 INFO WEIGHT LAYER 8: ABSAV = 1.002871, SD =0.021207, ABSMAX =1.063326, ABSMIN =0.960759
2019-04-01 15:51:31,333 INFO WEIGHT LAYER 11: ABSAV = 0.025417, SD =0.030030, ABSMAX =0.112351, ABSMIN =0.000002
2019-04-01 15:51:31,334 INFO WEIGHT LAYER 12: ABSAV = 1.000036, SD =0.012441, ABSMAX =1.033643, ABSMIN =0.973615
2019-04-01 15:51:31,336 INFO WEIGHT LAYER 14: ABSAV = 0.025211, SD =0.029745, ABSMAX =0.105090, ABSMIN =0.000000
2019-04-01 15:51:31,337 INFO WEIGHT LAYER 15: ABSAV = 0.997722, SD =0.013315, ABSMAX =1.038931, ABSMIN =0.974352
2019-04-01 15:51:31,339 INFO WEIGHT LAYER 18: ABSAV = 0.024953, SD =0.029333, ABSMAX =0.103691, ABSMIN =0.000000
2019-04-01 15:51:31,340 INFO WEIGHT LAYER 19: ABSAV = 1.000293, SD =0.010374, ABSMAX =1.029389, ABSMIN =0.981107
2019-04-01 15:51:31,341 INFO WEIGHT LAYER 21: ABSAV = 0.024795, SD =0.029070, ABSMAX =0.094599, ABSMIN =0.000000
2019-04-01 15:51:31,343 INFO WEIGHT LAYER 22: ABSAV = 0.997835, SD =0.009924, ABSMAX =1.037640, ABSMIN =0.967989
2019-04-01 15:51:31,344 INFO WEIGHT LAYER 25: ABSAV = 0.024690, SD =0.028923, ABSMAX =0.099494, ABSMIN =0.000000
2019-04-01 15:51:31,345 INFO WEIGHT LAYER 26: ABSAV = 1.000002, SD =0.010414, ABSMAX =1.027588, ABSMIN =0.976488
2019-04-01 15:51:31,347 INFO WEIGHT LAYER 28: ABSAV = 0.024622, SD =0.028796, ABSMAX =0.101467, ABSMIN =0.000000
2019-04-01 15:51:31,348 INFO WEIGHT LAYER 29: ABSAV = 0.995408, SD =0.008264, ABSMAX =1.011268, ABSMIN =0.971809
2019-04-01 15:51:31,350 INFO WEIGHT LAYER 32: ABSAV = 0.024481, SD =0.028601, ABSMAX =0.087764, ABSMIN =0.000003
2019-04-01 15:51:31,351 INFO WEIGHT LAYER 33: ABSAV = 1.000030, SD =0.007557, ABSMAX =1.015558, ABSMIN =0.983877
2019-04-01 15:51:31,353 INFO WEIGHT LAYER 35: ABSAV = 0.024538, SD =0.028610, ABSMAX =0.087494, ABSMIN =0.000000
2019-04-01 15:51:31,354 INFO WEIGHT LAYER 36: ABSAV = 0.995745, SD =0.006838, ABSMAX =1.011074, ABSMIN =0.979212
2019-04-01 15:51:31,355 INFO WEIGHT LAYER 39: ABSAV = 0.159764, SD =0.183305, ABSMAX =0.496419, ABSMIN =0.007920
2019-04-01 15:51:31,356 INFO WEIGHT LAYER 40: ABSAV = 0.947637, SD =0.000000, ABSMAX =0.947637, ABSMIN =0.947637
2019-04-01 15:51:31,357 INFO WEIGHT LAYER 42: ABSAV = 0.135984, SD =0.158102, ABSMAX =0.308487, ABSMIN =0.002178
2019-04-01 15:51:31,358 INFO WEIGHT LAYER 44: ABSAV = 0.744890, SD =0.018687, ABSMAX =0.763576, ABSMIN =0.726203
2019-04-01 15:51:31,359 INFO WEIGHT LAYER 45: ABSAV = 0.237864, SD =0.274086, ABSMAX =0.612911, ABSMIN =0.000930
2019-04-01 15:51:31,360 INFO WEIGHT LAYER 49: ABSAV = 0.256072, SD =0.297934, ABSMAX =0.551671, ABSMIN =0.023101
2019-04-01 15:51:31,361 INFO WEIGHT LAYER 50: ABSAV = 0.223051, SD =0.254967, ABSMAX =0.467442, ABSMIN =0.003124
2019-04-01 15:51:31,361 INFO ------------------
2019-04-01 15:51:31,362 INFO BIAS LAYER 2: ABSAV = 0.033805, SD =0.022386, ABSMAX =0.091640, ABSMIN =0.001136
2019-04-01 15:51:31,364 INFO BIAS LAYER 5: ABSAV = 0.019023, SD =0.013025, ABSMAX =0.047192, ABSMIN =0.001285
2019-04-01 15:51:31,365 INFO BIAS LAYER 8: ABSAV = 0.023599, SD =0.013286, ABSMAX =0.064925, ABSMIN =0.001875
2019-04-01 15:51:31,367 INFO BIAS LAYER 12: ABSAV = 0.011599, SD =0.010627, ABSMAX =0.035374, ABSMIN =0.000689
2019-04-01 15:51:31,368 INFO BIAS LAYER 15: ABSAV = 0.014854, SD =0.010709, ABSMAX =0.034553, ABSMIN =0.000098
2019-04-01 15:51:31,370 INFO BIAS LAYER 19: ABSAV = 0.007991, SD =0.008267, ABSMAX =0.021478, ABSMIN =0.000071
2019-04-01 15:51:31,372 INFO BIAS LAYER 22: ABSAV = 0.009750, SD =0.009204, ABSMAX =0.028199, ABSMIN =0.000049
2019-04-01 15:51:31,373 INFO BIAS LAYER 26: ABSAV = 0.007962, SD =0.009748, ABSMAX =0.023271, ABSMIN =0.000095
2019-04-01 15:51:31,375 INFO BIAS LAYER 29: ABSAV = 0.006971, SD =0.007073, ABSMAX =0.021323, ABSMIN =0.000038
2019-04-01 15:51:31,377 INFO BIAS LAYER 33: ABSAV = 0.006227, SD =0.007704, ABSMAX =0.019328, ABSMIN =0.000057
2019-04-01 15:51:31,379 INFO BIAS LAYER 36: ABSAV = 0.004255, SD =0.004793, ABSMAX =0.017471, ABSMIN =0.000143
2019-04-01 15:51:31,381 INFO BIAS LAYER 40: ABSAV = 0.268087, SD =0.000000, ABSMAX =0.268087, ABSMIN =0.268087
2019-04-01 15:51:31,383 INFO BIAS LAYER 44: ABSAV = 0.211362, SD =0.005240, ABSMAX =0.216603, ABSMIN =0.206122
2019-04-01 15:51:31,385 INFO ******************
2019-04-01 15:52:08,452 INFO WEIGHT LAYER 1: ABSAV = 0.078061, SD =0.100009, ABSMAX =0.379104, ABSMIN =0.000085
2019-04-01 15:52:08,454 INFO WEIGHT LAYER 2: ABSAV = 1.011006, SD =0.033841, ABSMAX =1.109633, ABSMIN =0.944194
2019-04-01 15:52:08,457 INFO WEIGHT LAYER 4: ABSAV = 0.026201, SD =0.031426, ABSMAX =0.121735, ABSMIN =0.000001
2019-04-01 15:52:08,459 INFO WEIGHT LAYER 5: ABSAV = 0.999933, SD =0.019193, ABSMAX =1.050943, ABSMIN =0.956127
2019-04-01 15:52:08,461 INFO WEIGHT LAYER 7: ABSAV = 0.026057, SD =0.031148, ABSMAX =0.133542, ABSMIN =0.000001
2019-04-01 15:52:08,462 INFO WEIGHT LAYER 8: ABSAV = 1.005798, SD =0.024942, ABSMAX =1.085661, ABSMIN =0.949495
2019-04-01 15:52:08,464 INFO WEIGHT LAYER 11: ABSAV = 0.025209, SD =0.029858, ABSMAX =0.112621, ABSMIN =0.000001
2019-04-01 15:52:08,465 INFO WEIGHT LAYER 12: ABSAV = 1.000027, SD =0.013660, ABSMAX =1.040414, ABSMIN =0.969016
2019-04-01 15:52:08,467 INFO WEIGHT LAYER 14: ABSAV = 0.025007, SD =0.029576, ABSMAX =0.102221, ABSMIN =0.000001
2019-04-01 15:52:08,468 INFO WEIGHT LAYER 15: ABSAV = 0.999140, SD =0.016257, ABSMAX =1.053527, ABSMIN =0.973193
2019-04-01 15:52:08,470 INFO WEIGHT LAYER 18: ABSAV = 0.024701, SD =0.029088, ABSMAX =0.109193, ABSMIN =0.000000
2019-04-01 15:52:08,471 INFO WEIGHT LAYER 19: ABSAV = 1.000286, SD =0.011765, ABSMAX =1.033402, ABSMIN =0.977619
2019-04-01 15:52:08,472 INFO WEIGHT LAYER 21: ABSAV = 0.024534, SD =0.028806, ABSMAX =0.093391, ABSMIN =0.000002
2019-04-01 15:52:08,473 INFO WEIGHT LAYER 22: ABSAV = 0.997305, SD =0.011425, ABSMAX =1.038424, ABSMIN =0.965008
2019-04-01 15:52:08,475 INFO WEIGHT LAYER 25: ABSAV = 0.024373, SD =0.028588, ABSMAX =0.097618, ABSMIN =0.000001
2019-04-01 15:52:08,476 INFO WEIGHT LAYER 26: ABSAV = 1.000006, SD =0.010925, ABSMAX =1.028868, ABSMIN =0.976397
2019-04-01 15:52:08,479 INFO WEIGHT LAYER 28: ABSAV = 0.024304, SD =0.028449, ABSMAX =0.097222, ABSMIN =0.000000
2019-04-01 15:52:08,480 INFO WEIGHT LAYER 29: ABSAV = 0.993227, SD =0.008521, ABSMAX =1.010784, ABSMIN =0.972627
2019-04-01 15:52:08,482 INFO WEIGHT LAYER 32: ABSAV = 0.024138, SD =0.028222, ABSMAX =0.087821, ABSMIN =0.000000
2019-04-01 15:52:08,484 INFO WEIGHT LAYER 33: ABSAV = 1.000036, SD =0.007620, ABSMAX =1.016114, ABSMIN =0.986009
2019-04-01 15:52:08,486 INFO WEIGHT LAYER 35: ABSAV = 0.024193, SD =0.028220, ABSMAX =0.088068, ABSMIN =0.000000
2019-04-01 15:52:08,488 INFO WEIGHT LAYER 36: ABSAV = 0.992182, SD =0.006985, ABSMAX =1.005335, ABSMIN =0.972844
2019-04-01 15:52:08,489 INFO WEIGHT LAYER 39: ABSAV = 0.158853, SD =0.184936, ABSMAX =0.549231, ABSMIN =0.007053
2019-04-01 15:52:08,490 INFO WEIGHT LAYER 40: ABSAV = 1.044827, SD =0.000000, ABSMAX =1.044827, ABSMIN =1.044827
2019-04-01 15:52:08,491 INFO WEIGHT LAYER 42: ABSAV = 0.136502, SD =0.159879, ABSMAX =0.332108, ABSMIN =0.004897
2019-04-01 15:52:08,492 INFO WEIGHT LAYER 44: ABSAV = 0.860143, SD =0.051421, ABSMAX =0.911564, ABSMIN =0.808722
2019-04-01 15:52:08,493 INFO WEIGHT LAYER 45: ABSAV = 0.237478, SD =0.274574, ABSMAX =0.606936, ABSMIN =0.001052
2019-04-01 15:52:08,493 INFO WEIGHT LAYER 49: ABSAV = 0.263584, SD =0.307915, ABSMAX =0.549243, ABSMIN =0.059893
2019-04-01 15:52:08,494 INFO WEIGHT LAYER 50: ABSAV = 0.223459, SD =0.256774, ABSMAX =0.520561, ABSMIN =0.001964
2019-04-01 15:52:08,494 INFO ------------------
2019-04-01 15:52:08,496 INFO BIAS LAYER 2: ABSAV = 0.046541, SD =0.025713, ABSMAX =0.110534, ABSMIN =0.001145
2019-04-01 15:52:08,497 INFO BIAS LAYER 5: ABSAV = 0.026097, SD =0.014189, ABSMAX =0.056549, ABSMIN =0.001487
2019-04-01 15:52:08,499 INFO BIAS LAYER 8: ABSAV = 0.032813, SD =0.014133, ABSMAX =0.081170, ABSMIN =0.005795
2019-04-01 15:52:08,500 INFO BIAS LAYER 12: ABSAV = 0.014007, SD =0.011372, ABSMAX =0.044569, ABSMIN =0.000192
2019-04-01 15:52:08,502 INFO BIAS LAYER 15: ABSAV = 0.020099, SD =0.011775, ABSMAX =0.048116, ABSMIN =0.000363
2019-04-01 15:52:08,503 INFO BIAS LAYER 19: ABSAV = 0.009949, SD =0.008578, ABSMAX =0.025269, ABSMIN =0.000269
2019-04-01 15:52:08,505 INFO BIAS LAYER 22: ABSAV = 0.012777, SD =0.010274, ABSMAX =0.037369, ABSMIN =0.000097
2019-04-01 15:52:08,506 INFO BIAS LAYER 26: ABSAV = 0.008367, SD =0.009977, ABSMAX =0.023686, ABSMIN =0.000035
2019-04-01 15:52:08,508 INFO BIAS LAYER 29: ABSAV = 0.008808, SD =0.007841, ABSMAX =0.028185, ABSMIN =0.000551
2019-04-01 15:52:08,511 INFO BIAS LAYER 33: ABSAV = 0.006420, SD =0.007868, ABSMAX =0.021272, ABSMIN =0.000051
2019-04-01 15:52:08,515 INFO BIAS LAYER 36: ABSAV = 0.005204, SD =0.005605, ABSMAX =0.023416, ABSMIN =0.000240
2019-04-01 15:52:08,518 INFO BIAS LAYER 40: ABSAV = 0.207536, SD =0.000000, ABSMAX =0.207536, ABSMIN =0.207536
2019-04-01 15:52:08,520 INFO BIAS LAYER 44: ABSAV = 0.218273, SD =0.037656, ABSMAX =0.255929, ABSMIN =0.180617
2019-04-01 15:52:08,523 INFO ******************
2019-04-01 15:52:45,830 INFO WEIGHT LAYER 1: ABSAV = 0.081880, SD =0.104279, ABSMAX =0.388704, ABSMIN =0.000003
2019-04-01 15:52:45,833 INFO WEIGHT LAYER 2: ABSAV = 1.010865, SD =0.037034, ABSMAX =1.115263, ABSMIN =0.932064
2019-04-01 15:52:45,836 INFO WEIGHT LAYER 4: ABSAV = 0.026095, SD =0.031401, ABSMAX =0.122759, ABSMIN =0.000000
2019-04-01 15:52:45,837 INFO WEIGHT LAYER 5: ABSAV = 0.999789, SD =0.020154, ABSMAX =1.052744, ABSMIN =0.961729
2019-04-01 15:52:45,838 INFO WEIGHT LAYER 7: ABSAV = 0.025972, SD =0.031143, ABSMAX =0.142369, ABSMIN =0.000002
2019-04-01 15:52:45,839 INFO WEIGHT LAYER 8: ABSAV = 1.007816, SD =0.025367, ABSMAX =1.086026, ABSMIN =0.942622
2019-04-01 15:52:45,840 INFO WEIGHT LAYER 11: ABSAV = 0.025032, SD =0.029716, ABSMAX =0.112485, ABSMIN =0.000001
2019-04-01 15:52:45,841 INFO WEIGHT LAYER 12: ABSAV = 1.000016, SD =0.014315, ABSMAX =1.041053, ABSMIN =0.965125
2019-04-01 15:52:45,842 INFO WEIGHT LAYER 14: ABSAV = 0.024845, SD =0.029460, ABSMAX =0.112931, ABSMIN =0.000000
2019-04-01 15:52:45,843 INFO WEIGHT LAYER 15: ABSAV = 0.999080, SD =0.018679, ABSMAX =1.056847, ABSMIN =0.968899
2019-04-01 15:52:45,844 INFO WEIGHT LAYER 18: ABSAV = 0.024492, SD =0.028895, ABSMAX =0.109844, ABSMIN =0.000000
2019-04-01 15:52:45,845 INFO WEIGHT LAYER 19: ABSAV = 1.000304, SD =0.012867, ABSMAX =1.028475, ABSMIN =0.973029
2019-04-01 15:52:45,846 INFO WEIGHT LAYER 21: ABSAV = 0.024306, SD =0.028599, ABSMAX =0.094775, ABSMIN =0.000001
2019-04-01 15:52:45,847 INFO WEIGHT LAYER 22: ABSAV = 0.997272, SD =0.012409, ABSMAX =1.044320, ABSMIN =0.955763
2019-04-01 15:52:45,848 INFO WEIGHT LAYER 25: ABSAV = 0.024083, SD =0.028287, ABSMAX =0.101878, ABSMIN =0.000000
2019-04-01 15:52:45,849 INFO WEIGHT LAYER 26: ABSAV = 1.000001, SD =0.012161, ABSMAX =1.034162, ABSMIN =0.976932
2019-04-01 15:52:45,850 INFO WEIGHT LAYER 28: ABSAV = 0.024001, SD =0.028137, ABSMAX =0.094911, ABSMIN =0.000000
2019-04-01 15:52:45,851 INFO WEIGHT LAYER 29: ABSAV = 0.991727, SD =0.009607, ABSMAX =1.013030, ABSMIN =0.968309
2019-04-01 15:52:45,852 INFO WEIGHT LAYER 32: ABSAV = 0.023806, SD =0.027858, ABSMAX =0.090075, ABSMIN =0.000001
2019-04-01 15:52:45,852 INFO WEIGHT LAYER 33: ABSAV = 1.000040, SD =0.008098, ABSMAX =1.018332, ABSMIN =0.985626
2019-04-01 15:52:45,853 INFO WEIGHT LAYER 35: ABSAV = 0.023860, SD =0.027851, ABSMAX =0.088306, ABSMIN =0.000000
2019-04-01 15:52:45,854 INFO WEIGHT LAYER 36: ABSAV = 0.990730, SD =0.007628, ABSMAX =1.010361, ABSMIN =0.969349
2019-04-01 15:52:45,855 INFO WEIGHT LAYER 39: ABSAV = 0.161103, SD =0.190072, ABSMAX =0.547265, ABSMIN =0.000062
2019-04-01 15:52:45,855 INFO WEIGHT LAYER 40: ABSAV = 1.102114, SD =0.000000, ABSMAX =1.102114, ABSMIN =1.102114
2019-04-01 15:52:45,856 INFO WEIGHT LAYER 42: ABSAV = 0.136912, SD =0.162140, ABSMAX =0.331567, ABSMIN =0.000149
2019-04-01 15:52:45,857 INFO WEIGHT LAYER 44: ABSAV = 0.854192, SD =0.065801, ABSMAX =0.919993, ABSMIN =0.788392
2019-04-01 15:52:45,857 INFO WEIGHT LAYER 45: ABSAV = 0.233401, SD =0.274645, ABSMAX =0.659898, ABSMIN =0.004509
2019-04-01 15:52:45,858 INFO WEIGHT LAYER 49: ABSAV = 0.259205, SD =0.311775, ABSMAX =0.642570, ABSMIN =0.007646
2019-04-01 15:52:45,858 INFO WEIGHT LAYER 50: ABSAV = 0.220791, SD =0.254093, ABSMAX =0.531588, ABSMIN =0.001095
2019-04-01 15:52:45,858 INFO ------------------
2019-04-01 15:52:45,859 INFO BIAS LAYER 2: ABSAV = 0.060804, SD =0.029483, ABSMAX =0.130444, ABSMIN =0.005890
2019-04-01 15:52:45,860 INFO BIAS LAYER 5: ABSAV = 0.033305, SD =0.016102, ABSMAX =0.071826, ABSMIN =0.000374
2019-04-01 15:52:45,861 INFO BIAS LAYER 8: ABSAV = 0.041932, SD =0.016182, ABSMAX =0.093642, ABSMIN =0.001279
2019-04-01 15:52:45,862 INFO BIAS LAYER 12: ABSAV = 0.017748, SD =0.011464, ABSMAX =0.049715, ABSMIN =0.000370
2019-04-01 15:52:45,863 INFO BIAS LAYER 15: ABSAV = 0.026842, SD =0.013395, ABSMAX =0.059004, ABSMIN =0.000342
2019-04-01 15:52:45,864 INFO BIAS LAYER 19: ABSAV = 0.011863, SD =0.008640, ABSMAX =0.029467, ABSMIN =0.000026
2019-04-01 15:52:45,865 INFO BIAS LAYER 22: ABSAV = 0.016713, SD =0.011010, ABSMAX =0.050133, ABSMIN =0.000090
2019-04-01 15:52:45,866 INFO BIAS LAYER 26: ABSAV = 0.008472, SD =0.009955, ABSMAX =0.027400, ABSMIN =0.000015
2019-04-01 15:52:45,868 INFO BIAS LAYER 29: ABSAV = 0.011406, SD =0.008764, ABSMAX =0.036763, ABSMIN =0.000448
2019-04-01 15:52:45,869 INFO BIAS LAYER 33: ABSAV = 0.006755, SD =0.008079, ABSMAX =0.020524, ABSMIN =0.000174
2019-04-01 15:52:45,870 INFO BIAS LAYER 36: ABSAV = 0.006709, SD =0.006520, ABSMAX =0.030033, ABSMIN =0.000400
2019-04-01 15:52:45,871 INFO BIAS LAYER 40: ABSAV = 0.202102, SD =0.000000, ABSMAX =0.202102, ABSMIN =0.202102
2019-04-01 15:52:45,872 INFO BIAS LAYER 44: ABSAV = 0.243188, SD =0.008776, ABSMAX =0.251964, ABSMIN =0.234412
2019-04-01 15:52:45,873 INFO ******************
2019-04-01 15:53:21,758 INFO WEIGHT LAYER 1: ABSAV = 0.084550, SD =0.107782, ABSMAX =0.406805, ABSMIN =0.000002
2019-04-01 15:53:21,759 INFO WEIGHT LAYER 2: ABSAV = 1.011503, SD =0.039781, ABSMAX =1.130899, ABSMIN =0.927533
2019-04-01 15:53:21,761 INFO WEIGHT LAYER 4: ABSAV = 0.025982, SD =0.031358, ABSMAX =0.133330, ABSMIN =0.000000
2019-04-01 15:53:21,762 INFO WEIGHT LAYER 5: ABSAV = 0.999618, SD =0.021835, ABSMAX =1.055135, ABSMIN =0.956173
2019-04-01 15:53:21,764 INFO WEIGHT LAYER 7: ABSAV = 0.025888, SD =0.031148, ABSMAX =0.140933, ABSMIN =0.000001
2019-04-01 15:53:21,765 INFO WEIGHT LAYER 8: ABSAV = 1.009430, SD =0.028269, ABSMAX =1.101270, ABSMIN =0.938130
2019-04-01 15:53:21,766 INFO WEIGHT LAYER 11: ABSAV = 0.024864, SD =0.029585, ABSMAX =0.111712, ABSMIN =0.000000
2019-04-01 15:53:21,768 INFO WEIGHT LAYER 12: ABSAV = 0.999950, SD =0.015534, ABSMAX =1.043198, ABSMIN =0.961425
2019-04-01 15:53:21,770 INFO WEIGHT LAYER 14: ABSAV = 0.024705, SD =0.029375, ABSMAX =0.115900, ABSMIN =0.000001
2019-04-01 15:53:21,770 INFO WEIGHT LAYER 15: ABSAV = 0.999689, SD =0.021384, ABSMAX =1.063854, ABSMIN =0.961246
2019-04-01 15:53:21,772 INFO WEIGHT LAYER 18: ABSAV = 0.024290, SD =0.028716, ABSMAX =0.107163, ABSMIN =0.000000
2019-04-01 15:53:21,772 INFO WEIGHT LAYER 19: ABSAV = 1.000285, SD =0.013966, ABSMAX =1.032188, ABSMIN =0.969776
2019-04-01 15:53:21,773 INFO WEIGHT LAYER 21: ABSAV = 0.024105, SD =0.028424, ABSMAX =0.096058, ABSMIN =0.000000
2019-04-01 15:53:21,774 INFO WEIGHT LAYER 22: ABSAV = 0.997238, SD =0.013423, ABSMAX =1.041769, ABSMIN =0.945855
2019-04-01 15:53:21,775 INFO WEIGHT LAYER 25: ABSAV = 0.023808, SD =0.028006, ABSMAX =0.103271, ABSMIN =0.000000
2019-04-01 15:53:21,776 INFO WEIGHT LAYER 26: ABSAV = 0.999995, SD =0.012917, ABSMAX =1.040031, ABSMIN =0.978056
2019-04-01 15:53:21,777 INFO WEIGHT LAYER 28: ABSAV = 0.023720, SD =0.027845, ABSMAX =0.096834, ABSMIN =0.000001
2019-04-01 15:53:21,778 INFO WEIGHT LAYER 29: ABSAV = 0.989614, SD =0.011468, ABSMAX =1.012033, ABSMIN =0.962242
2019-04-01 15:53:21,779 INFO WEIGHT LAYER 32: ABSAV = 0.023493, SD =0.027513, ABSMAX =0.088793, ABSMIN =0.000000
2019-04-01 15:53:21,780 INFO WEIGHT LAYER 33: ABSAV = 1.000038, SD =0.008923, ABSMAX =1.023225, ABSMIN =0.980815
2019-04-01 15:53:21,781 INFO WEIGHT LAYER 35: ABSAV = 0.023537, SD =0.027493, ABSMAX =0.087363, ABSMIN =0.000000
2019-04-01 15:53:21,782 INFO WEIGHT LAYER 36: ABSAV = 0.988700, SD =0.008991, ABSMAX =1.010261, ABSMIN =0.962654
2019-04-01 15:53:21,782 INFO WEIGHT LAYER 39: ABSAV = 0.166233, SD =0.197972, ABSMAX =0.523740, ABSMIN =0.001732
2019-04-01 15:53:21,783 INFO WEIGHT LAYER 40: ABSAV = 1.185020, SD =0.000000, ABSMAX =1.185020, ABSMIN =1.185020
2019-04-01 15:53:21,783 INFO WEIGHT LAYER 42: ABSAV = 0.136855, SD =0.164375, ABSMAX =0.358134, ABSMIN =0.001711
2019-04-01 15:53:21,784 INFO WEIGHT LAYER 44: ABSAV = 0.927438, SD =0.095832, ABSMAX =1.023271, ABSMIN =0.831606
2019-04-01 15:53:21,785 INFO WEIGHT LAYER 45: ABSAV = 0.233462, SD =0.276956, ABSMAX =0.647480, ABSMIN =0.001179
2019-04-01 15:53:21,785 INFO WEIGHT LAYER 49: ABSAV = 0.271514, SD =0.331910, ABSMAX =0.736249, ABSMIN =0.035784
2019-04-01 15:53:21,786 INFO WEIGHT LAYER 50: ABSAV = 0.220585, SD =0.254827, ABSMAX =0.511903, ABSMIN =0.002907
2019-04-01 15:53:21,786 INFO ------------------
2019-04-01 15:53:21,787 INFO BIAS LAYER 2: ABSAV = 0.072454, SD =0.031014, ABSMAX =0.161351, ABSMIN =0.016700
2019-04-01 15:53:21,788 INFO BIAS LAYER 5: ABSAV = 0.039602, SD =0.016115, ABSMAX =0.072905, ABSMIN =0.003378
2019-04-01 15:53:21,789 INFO BIAS LAYER 8: ABSAV = 0.050847, SD =0.016985, ABSMAX =0.095721, ABSMIN =0.008039
2019-04-01 15:53:21,790 INFO BIAS LAYER 12: ABSAV = 0.021949, SD =0.012555, ABSMAX =0.057340, ABSMIN =0.000009
2019-04-01 15:53:21,791 INFO BIAS LAYER 15: ABSAV = 0.033037, SD =0.014114, ABSMAX =0.062551, ABSMIN =0.001165
2019-04-01 15:53:21,792 INFO BIAS LAYER 19: ABSAV = 0.014752, SD =0.009198, ABSMAX =0.034062, ABSMIN =0.000266
2019-04-01 15:53:21,793 INFO BIAS LAYER 22: ABSAV = 0.020799, SD =0.012474, ABSMAX =0.056895, ABSMIN =0.001066
2019-04-01 15:53:21,794 INFO BIAS LAYER 26: ABSAV = 0.009626, SD =0.010516, ABSMAX =0.027425, ABSMIN =0.000098
2019-04-01 15:53:21,795 INFO BIAS LAYER 29: ABSAV = 0.013927, SD =0.009815, ABSMAX =0.042266, ABSMIN =0.000634
2019-04-01 15:53:21,796 INFO BIAS LAYER 33: ABSAV = 0.007747, SD =0.008606, ABSMAX =0.023790, ABSMIN =0.000083
2019-04-01 15:53:21,797 INFO BIAS LAYER 36: ABSAV = 0.007978, SD =0.007690, ABSMAX =0.036310, ABSMIN =0.000274
2019-04-01 15:53:21,798 INFO BIAS LAYER 40: ABSAV = 0.438464, SD =0.000000, ABSMAX =0.438464, ABSMIN =0.438464
2019-04-01 15:53:21,799 INFO BIAS LAYER 44: ABSAV = 0.261453, SD =0.007863, ABSMAX =0.269316, ABSMIN =0.253590
2019-04-01 15:53:21,800 INFO ******************
2019-04-01 15:53:58,511 INFO WEIGHT LAYER 1: ABSAV = 0.086475, SD =0.110299, ABSMAX =0.396921, ABSMIN =0.000078
2019-04-01 15:53:58,513 INFO WEIGHT LAYER 2: ABSAV = 1.012394, SD =0.042505, ABSMAX =1.152814, ABSMIN =0.935729
2019-04-01 15:53:58,516 INFO WEIGHT LAYER 4: ABSAV = 0.025816, SD =0.031219, ABSMAX =0.138221, ABSMIN =0.000000
2019-04-01 15:53:58,518 INFO WEIGHT LAYER 5: ABSAV = 0.999498, SD =0.022972, ABSMAX =1.059545, ABSMIN =0.956601
2019-04-01 15:53:58,521 INFO WEIGHT LAYER 7: ABSAV = 0.025739, SD =0.031056, ABSMAX =0.137909, ABSMIN =0.000001
2019-04-01 15:53:58,523 INFO WEIGHT LAYER 8: ABSAV = 1.010847, SD =0.029532, ABSMAX =1.108077, ABSMIN =0.937730
2019-04-01 15:53:58,526 INFO WEIGHT LAYER 11: ABSAV = 0.024648, SD =0.029390, ABSMAX =0.116359, ABSMIN =0.000001
2019-04-01 15:53:58,528 INFO WEIGHT LAYER 12: ABSAV = 0.999903, SD =0.016673, ABSMAX =1.045814, ABSMIN =0.960319
2019-04-01 15:53:58,530 INFO WEIGHT LAYER 14: ABSAV = 0.024520, SD =0.029227, ABSMAX =0.120202, ABSMIN =0.000000
2019-04-01 15:53:58,532 INFO WEIGHT LAYER 15: ABSAV = 1.000005, SD =0.022534, ABSMAX =1.066230, ABSMIN =0.959704
2019-04-01 15:53:58,533 INFO WEIGHT LAYER 18: ABSAV = 0.024062, SD =0.028492, ABSMAX =0.105650, ABSMIN =0.000000
2019-04-01 15:53:58,534 INFO WEIGHT LAYER 19: ABSAV = 1.000253, SD =0.015238, ABSMAX =1.036877, ABSMIN =0.968833
2019-04-01 15:53:58,535 INFO WEIGHT LAYER 21: ABSAV = 0.023879, SD =0.028218, ABSMAX =0.098925, ABSMIN =0.000000
2019-04-01 15:53:58,536 INFO WEIGHT LAYER 22: ABSAV = 0.996990, SD =0.014022, ABSMAX =1.047798, ABSMIN =0.948299
2019-04-01 15:53:58,537 INFO WEIGHT LAYER 25: ABSAV = 0.023520, SD =0.027698, ABSMAX =0.103459, ABSMIN =0.000000
2019-04-01 15:53:58,538 INFO WEIGHT LAYER 26: ABSAV = 1.000007, SD =0.013602, ABSMAX =1.041207, ABSMIN =0.977706
2019-04-01 15:53:58,539 INFO WEIGHT LAYER 28: ABSAV = 0.023432, SD =0.027538, ABSMAX =0.095371, ABSMIN =0.000001
2019-04-01 15:53:58,540 INFO WEIGHT LAYER 29: ABSAV = 0.988253, SD =0.011599, ABSMAX =1.009555, ABSMIN =0.962836
2019-04-01 15:53:58,541 INFO WEIGHT LAYER 32: ABSAV = 0.023172, SD =0.027156, ABSMAX =0.089762, ABSMIN =0.000000
2019-04-01 15:53:58,542 INFO WEIGHT LAYER 33: ABSAV = 1.000043, SD =0.009384, ABSMAX =1.023215, ABSMIN =0.978229
2019-04-01 15:53:58,543 INFO WEIGHT LAYER 35: ABSAV = 0.023212, SD =0.027128, ABSMAX =0.087339, ABSMIN =0.000000
2019-04-01 15:53:58,544 INFO WEIGHT LAYER 36: ABSAV = 0.986522, SD =0.009528, ABSMAX =1.004003, ABSMIN =0.958479
2019-04-01 15:53:58,544 INFO WEIGHT LAYER 39: ABSAV = 0.168252, SD =0.203151, ABSMAX =0.569192, ABSMIN =0.000688
2019-04-01 15:53:58,545 INFO WEIGHT LAYER 40: ABSAV = 1.187026, SD =0.000000, ABSMAX =1.187026, ABSMIN =1.187026
2019-04-01 15:53:58,545 INFO WEIGHT LAYER 42: ABSAV = 0.138189, SD =0.166735, ABSMAX =0.377129, ABSMIN =0.001510
2019-04-01 15:53:58,546 INFO WEIGHT LAYER 44: ABSAV = 0.963978, SD =0.094543, ABSMAX =1.058522, ABSMIN =0.869435
2019-04-01 15:53:58,547 INFO WEIGHT LAYER 45: ABSAV = 0.231864, SD =0.276044, ABSMAX =0.652265, ABSMIN =0.001934
2019-04-01 15:53:58,548 INFO WEIGHT LAYER 49: ABSAV = 0.265255, SD =0.331009, ABSMAX =0.751497, ABSMIN =0.032112
2019-04-01 15:53:58,548 INFO WEIGHT LAYER 50: ABSAV = 0.219434, SD =0.253885, ABSMAX =0.508140, ABSMIN =0.001124
2019-04-01 15:53:58,548 INFO ------------------
2019-04-01 15:53:58,549 INFO BIAS LAYER 2: ABSAV = 0.081317, SD =0.034234, ABSMAX =0.181917, ABSMIN =0.021141
2019-04-01 15:53:58,550 INFO BIAS LAYER 5: ABSAV = 0.044774, SD =0.017003, ABSMAX =0.079326, ABSMIN =0.004684
2019-04-01 15:53:58,551 INFO BIAS LAYER 8: ABSAV = 0.057525, SD =0.017999, ABSMAX =0.105868, ABSMIN =0.017031
2019-04-01 15:53:58,552 INFO BIAS LAYER 12: ABSAV = 0.024704, SD =0.012649, ABSMAX =0.060378, ABSMIN =0.001336
2019-04-01 15:53:58,553 INFO BIAS LAYER 15: ABSAV = 0.037792, SD =0.015112, ABSMAX =0.075042, ABSMIN =0.000595
2019-04-01 15:53:58,554 INFO BIAS LAYER 19: ABSAV = 0.016942, SD =0.009705, ABSMAX =0.037779, ABSMIN =0.001512
2019-04-01 15:53:58,555 INFO BIAS LAYER 22: ABSAV = 0.024204, SD =0.013163, ABSMAX =0.065861, ABSMIN =0.001874
2019-04-01 15:53:58,556 INFO BIAS LAYER 26: ABSAV = 0.010192, SD =0.010699, ABSMAX =0.028771, ABSMIN =0.000028
2019-04-01 15:53:58,557 INFO BIAS LAYER 29: ABSAV = 0.015779, SD =0.010607, ABSMAX =0.054540, ABSMIN =0.000329
2019-04-01 15:53:58,558 INFO BIAS LAYER 33: ABSAV = 0.007983, SD =0.008634, ABSMAX =0.024163, ABSMIN =0.000175
2019-04-01 15:53:58,559 INFO BIAS LAYER 36: ABSAV = 0.008904, SD =0.008392, ABSMAX =0.042307, ABSMIN =0.000068
2019-04-01 15:53:58,560 INFO BIAS LAYER 40: ABSAV = 0.428494, SD =0.000000, ABSMAX =0.428494, ABSMIN =0.428494
2019-04-01 15:53:58,561 INFO BIAS LAYER 44: ABSAV = 0.268833, SD =0.008422, ABSMAX =0.277256, ABSMIN =0.260411
2019-04-01 15:53:58,562 INFO ******************
2019-04-01 15:54:34,129 INFO WEIGHT LAYER 1: ABSAV = 0.087460, SD =0.111372, ABSMAX =0.397268, ABSMIN =0.000078
2019-04-01 15:54:34,131 INFO WEIGHT LAYER 2: ABSAV = 1.013118, SD =0.042133, ABSMAX =1.172166, ABSMIN =0.938525
2019-04-01 15:54:34,134 INFO WEIGHT LAYER 4: ABSAV = 0.025578, SD =0.030974, ABSMAX =0.132641, ABSMIN =0.000001
2019-04-01 15:54:34,135 INFO WEIGHT LAYER 5: ABSAV = 0.999332, SD =0.023319, ABSMAX =1.058850, ABSMIN =0.950818
2019-04-01 15:54:34,138 INFO WEIGHT LAYER 7: ABSAV = 0.025530, SD =0.030859, ABSMAX =0.137802, ABSMIN =0.000000
2019-04-01 15:54:34,139 INFO WEIGHT LAYER 8: ABSAV = 1.012524, SD =0.031153, ABSMAX =1.120780, ABSMIN =0.936126
2019-04-01 15:54:34,141 INFO WEIGHT LAYER 11: ABSAV = 0.024386, SD =0.029133, ABSMAX =0.118753, ABSMIN =0.000001
2019-04-01 15:54:34,142 INFO WEIGHT LAYER 12: ABSAV = 0.999859, SD =0.016783, ABSMAX =1.050612, ABSMIN =0.954339
2019-04-01 15:54:34,143 INFO WEIGHT LAYER 14: ABSAV = 0.024296, SD =0.029014, ABSMAX =0.119499, ABSMIN =0.000001
2019-04-01 15:54:34,143 INFO WEIGHT LAYER 15: ABSAV = 0.999577, SD =0.023600, ABSMAX =1.071825, ABSMIN =0.955387
2019-04-01 15:54:34,145 INFO WEIGHT LAYER 18: ABSAV = 0.023800, SD =0.028216, ABSMAX =0.103936, ABSMIN =0.000001
2019-04-01 15:54:34,146 INFO WEIGHT LAYER 19: ABSAV = 1.000230, SD =0.015393, ABSMAX =1.039511, ABSMIN =0.972445
2019-04-01 15:54:34,147 INFO WEIGHT LAYER 21: ABSAV = 0.023624, SD =0.027966, ABSMAX =0.093409, ABSMIN =0.000001
2019-04-01 15:54:34,147 INFO WEIGHT LAYER 22: ABSAV = 0.996608, SD =0.015097, ABSMAX =1.057465, ABSMIN =0.943736
2019-04-01 15:54:34,148 INFO WEIGHT LAYER 25: ABSAV = 0.023216, SD =0.027362, ABSMAX =0.103169, ABSMIN =0.000000
2019-04-01 15:54:34,149 INFO WEIGHT LAYER 26: ABSAV = 1.000001, SD =0.014216, ABSMAX =1.041322, ABSMIN =0.974476
2019-04-01 15:54:34,150 INFO WEIGHT LAYER 28: ABSAV = 0.023136, SD =0.027220, ABSMAX =0.095375, ABSMIN =0.000001
2019-04-01 15:54:34,151 INFO WEIGHT LAYER 29: ABSAV = 0.986724, SD =0.012222, ABSMAX =1.009389, ABSMIN =0.956950
2019-04-01 15:54:34,152 INFO WEIGHT LAYER 32: ABSAV = 0.022845, SD =0.026789, ABSMAX =0.090531, ABSMIN =0.000000
2019-04-01 15:54:34,153 INFO WEIGHT LAYER 33: ABSAV = 1.000043, SD =0.009771, ABSMAX =1.024385, ABSMIN =0.976826
2019-04-01 15:54:34,154 INFO WEIGHT LAYER 35: ABSAV = 0.022888, SD =0.026766, ABSMAX =0.085289, ABSMIN =0.000000
2019-04-01 15:54:34,154 INFO WEIGHT LAYER 36: ABSAV = 0.985545, SD =0.009845, ABSMAX =1.004576, ABSMIN =0.957595
2019-04-01 15:54:34,155 INFO WEIGHT LAYER 39: ABSAV = 0.166669, SD =0.206350, ABSMAX =0.583553, ABSMIN =0.003746
2019-04-01 15:54:34,156 INFO WEIGHT LAYER 40: ABSAV = 1.147735, SD =0.000000, ABSMAX =1.147735, ABSMIN =1.147735
2019-04-01 15:54:34,156 INFO WEIGHT LAYER 42: ABSAV = 0.140785, SD =0.169667, ABSMAX =0.391524, ABSMIN =0.000745
2019-04-01 15:54:34,157 INFO WEIGHT LAYER 44: ABSAV = 1.010586, SD =0.073327, ABSMAX =1.083913, ABSMIN =0.937259
2019-04-01 15:54:34,158 INFO WEIGHT LAYER 45: ABSAV = 0.230676, SD =0.274371, ABSMAX =0.647906, ABSMIN =0.000074
2019-04-01 15:54:34,158 INFO WEIGHT LAYER 49: ABSAV = 0.262808, SD =0.329606, ABSMAX =0.730267, ABSMIN =0.027272
2019-04-01 15:54:34,159 INFO WEIGHT LAYER 50: ABSAV = 0.218256, SD =0.253033, ABSMAX =0.513836, ABSMIN =0.001479
2019-04-01 15:54:34,159 INFO ------------------
2019-04-01 15:54:34,160 INFO BIAS LAYER 2: ABSAV = 0.086295, SD =0.036876, ABSMAX =0.199538, ABSMIN =0.019216
2019-04-01 15:54:34,161 INFO BIAS LAYER 5: ABSAV = 0.048893, SD =0.018596, ABSMAX =0.085741, ABSMIN =0.009471
2019-04-01 15:54:34,162 INFO BIAS LAYER 8: ABSAV = 0.062536, SD =0.018407, ABSMAX =0.118649, ABSMIN =0.019985
2019-04-01 15:54:34,163 INFO BIAS LAYER 12: ABSAV = 0.027597, SD =0.013993, ABSMAX =0.067707, ABSMIN =0.000626
2019-04-01 15:54:34,164 INFO BIAS LAYER 15: ABSAV = 0.042208, SD =0.016109, ABSMAX =0.085204, ABSMIN =0.004191
2019-04-01 15:54:34,164 INFO BIAS LAYER 19: ABSAV = 0.018733, SD =0.010672, ABSMAX =0.042717, ABSMIN =0.000075
2019-04-01 15:54:34,165 INFO BIAS LAYER 22: ABSAV = 0.027600, SD =0.013844, ABSMAX =0.073795, ABSMIN =0.000494
2019-04-01 15:54:34,166 INFO BIAS LAYER 26: ABSAV = 0.010796, SD =0.011150, ABSMAX =0.031858, ABSMIN =0.000161
2019-04-01 15:54:34,167 INFO BIAS LAYER 29: ABSAV = 0.017980, SD =0.011535, ABSMAX =0.059831, ABSMIN =0.000342
2019-04-01 15:54:34,168 INFO BIAS LAYER 33: ABSAV = 0.008556, SD =0.009100, ABSMAX =0.023267, ABSMIN =0.000181
2019-04-01 15:54:34,169 INFO BIAS LAYER 36: ABSAV = 0.010381, SD =0.009174, ABSMAX =0.044050, ABSMIN =0.000134
2019-04-01 15:54:34,170 INFO BIAS LAYER 40: ABSAV = 0.409938, SD =0.000000, ABSMAX =0.409938, ABSMIN =0.409938
2019-04-01 15:54:34,171 INFO BIAS LAYER 44: ABSAV = 0.254546, SD =0.022380, ABSMAX =0.276926, ABSMIN =0.232166
2019-04-01 15:54:34,172 INFO ******************
2019-04-01 15:55:12,951 INFO WEIGHT LAYER 1: ABSAV = 0.087835, SD =0.111802, ABSMAX =0.389249, ABSMIN =0.000005
2019-04-01 15:55:12,953 INFO WEIGHT LAYER 2: ABSAV = 1.013805, SD =0.043356, ABSMAX =1.188317, ABSMIN =0.932659
2019-04-01 15:55:12,956 INFO WEIGHT LAYER 4: ABSAV = 0.025333, SD =0.030720, ABSMAX =0.131075, ABSMIN =0.000000
2019-04-01 15:55:12,958 INFO WEIGHT LAYER 5: ABSAV = 0.999243, SD =0.022192, ABSMAX =1.046777, ABSMIN =0.952867
2019-04-01 15:55:12,960 INFO WEIGHT LAYER 7: ABSAV = 0.025321, SD =0.030672, ABSMAX =0.135510, ABSMIN =0.000000
2019-04-01 15:55:12,961 INFO WEIGHT LAYER 8: ABSAV = 1.012388, SD =0.030813, ABSMAX =1.118683, ABSMIN =0.932030
2019-04-01 15:55:12,963 INFO WEIGHT LAYER 11: ABSAV = 0.024143, SD =0.028890, ABSMAX =0.115543, ABSMIN =0.000000
2019-04-01 15:55:12,964 INFO WEIGHT LAYER 12: ABSAV = 0.999778, SD =0.017472, ABSMAX =1.047847, ABSMIN =0.951653
2019-04-01 15:55:12,965 INFO WEIGHT LAYER 14: ABSAV = 0.024083, SD =0.028808, ABSMAX =0.113371, ABSMIN =0.000001
2019-04-01 15:55:12,966 INFO WEIGHT LAYER 15: ABSAV = 0.998948, SD =0.024024, ABSMAX =1.077145, ABSMIN =0.951314
2019-04-01 15:55:12,968 INFO WEIGHT LAYER 18: ABSAV = 0.023541, SD =0.027945, ABSMAX =0.108067, ABSMIN =0.000002
2019-04-01 15:55:12,969 INFO WEIGHT LAYER 19: ABSAV = 1.000197, SD =0.015683, ABSMAX =1.041921, ABSMIN =0.971453
2019-04-01 15:55:12,971 INFO WEIGHT LAYER 21: ABSAV = 0.023364, SD =0.027708, ABSMAX =0.094014, ABSMIN =0.000000
2019-04-01 15:55:12,972 INFO WEIGHT LAYER 22: ABSAV = 0.996413, SD =0.016358, ABSMAX =1.062281, ABSMIN =0.943160
2019-04-01 15:55:12,974 INFO WEIGHT LAYER 25: ABSAV = 0.022922, SD =0.027035, ABSMAX =0.103030, ABSMIN =0.000001
2019-04-01 15:55:12,975 INFO WEIGHT LAYER 26: ABSAV = 0.999998, SD =0.014939, ABSMAX =1.039728, ABSMIN =0.973257
2019-04-01 15:55:12,976 INFO WEIGHT LAYER 28: ABSAV = 0.022836, SD =0.026899, ABSMAX =0.094948, ABSMIN =0.000000
2019-04-01 15:55:12,978 INFO WEIGHT LAYER 29: ABSAV = 0.986303, SD =0.012950, ABSMAX =1.008363, ABSMIN =0.952851
2019-04-01 15:55:12,979 INFO WEIGHT LAYER 32: ABSAV = 0.022522, SD =0.026426, ABSMAX =0.092428, ABSMIN =0.000000
2019-04-01 15:55:12,980 INFO WEIGHT LAYER 33: ABSAV = 1.000043, SD =0.009965, ABSMAX =1.027079, ABSMIN =0.978009
2019-04-01 15:55:12,982 INFO WEIGHT LAYER 35: ABSAV = 0.022563, SD =0.026402, ABSMAX =0.085665, ABSMIN =0.000000
2019-04-01 15:55:12,983 INFO WEIGHT LAYER 36: ABSAV = 0.984968, SD =0.010176, ABSMAX =1.004257, ABSMIN =0.959661
2019-04-01 15:55:12,984 INFO WEIGHT LAYER 39: ABSAV = 0.171931, SD =0.209365, ABSMAX =0.585876, ABSMIN =0.001530
2019-04-01 15:55:12,985 INFO WEIGHT LAYER 40: ABSAV = 1.052766, SD =0.000000, ABSMAX =1.052766, ABSMIN =1.052766
2019-04-01 15:55:12,986 INFO WEIGHT LAYER 42: ABSAV = 0.142055, SD =0.171949, ABSMAX =0.386099, ABSMIN =0.001153
2019-04-01 15:55:12,987 INFO WEIGHT LAYER 44: ABSAV = 1.072627, SD =0.080530, ABSMAX =1.153157, ABSMIN =0.992096
2019-04-01 15:55:12,988 INFO WEIGHT LAYER 45: ABSAV = 0.227239, SD =0.270267, ABSMAX =0.670314, ABSMIN =0.002052
2019-04-01 15:55:12,989 INFO WEIGHT LAYER 49: ABSAV = 0.249299, SD =0.315916, ABSMAX =0.738518, ABSMIN =0.027509
2019-04-01 15:55:12,990 INFO WEIGHT LAYER 50: ABSAV = 0.218970, SD =0.253235, ABSMAX =0.513499, ABSMIN =0.002638
2019-04-01 15:55:12,990 INFO ------------------
2019-04-01 15:55:12,991 INFO BIAS LAYER 2: ABSAV = 0.093600, SD =0.037187, ABSMAX =0.206890, ABSMIN =0.022015
2019-04-01 15:55:12,993 INFO BIAS LAYER 5: ABSAV = 0.052269, SD =0.018721, ABSMAX =0.090874, ABSMIN =0.018006
2019-04-01 15:55:12,996 INFO BIAS LAYER 8: ABSAV = 0.069335, SD =0.019463, ABSMAX =0.131484, ABSMIN =0.027466
2019-04-01 15:55:12,998 INFO BIAS LAYER 12: ABSAV = 0.030618, SD =0.014750, ABSMAX =0.073512, ABSMIN =0.001442
2019-04-01 15:55:13,000 INFO BIAS LAYER 15: ABSAV = 0.047029, SD =0.016683, ABSMAX =0.094044, ABSMIN =0.008838
2019-04-01 15:55:13,002 INFO BIAS LAYER 19: ABSAV = 0.020691, SD =0.011313, ABSMAX =0.044635, ABSMIN =0.001400
2019-04-01 15:55:13,004 INFO BIAS LAYER 22: ABSAV = 0.030946, SD =0.014279, ABSMAX =0.079130, ABSMIN =0.003183
2019-04-01 15:55:13,006 INFO BIAS LAYER 26: ABSAV = 0.011342, SD =0.011233, ABSMAX =0.034724, ABSMIN =0.000192
2019-04-01 15:55:13,008 INFO BIAS LAYER 29: ABSAV = 0.020093, SD =0.011833, ABSMAX =0.061001, ABSMIN =0.001789
2019-04-01 15:55:13,011 INFO BIAS LAYER 33: ABSAV = 0.008967, SD =0.009373, ABSMAX =0.022787, ABSMIN =0.000200
2019-04-01 15:55:13,013 INFO BIAS LAYER 36: ABSAV = 0.011325, SD =0.009527, ABSMAX =0.046020, ABSMIN =0.000647
2019-04-01 15:55:13,015 INFO BIAS LAYER 40: ABSAV = 0.409050, SD =0.000000, ABSMAX =0.409050, ABSMIN =0.409050
2019-04-01 15:55:13,016 INFO BIAS LAYER 44: ABSAV = 0.236007, SD =0.042075, ABSMAX =0.278082, ABSMIN =0.193932
2019-04-01 15:55:13,018 INFO ******************
2019-04-01 15:55:48,764 INFO WEIGHT LAYER 1: ABSAV = 0.088606, SD =0.112477, ABSMAX =0.390862, ABSMIN =0.000134
2019-04-01 15:55:48,765 INFO WEIGHT LAYER 2: ABSAV = 1.013809, SD =0.047398, ABSMAX =1.205753, ABSMIN =0.923105
2019-04-01 15:55:48,766 INFO WEIGHT LAYER 4: ABSAV = 0.025111, SD =0.030501, ABSMAX =0.131417, ABSMIN =0.000000
2019-04-01 15:55:48,767 INFO WEIGHT LAYER 5: ABSAV = 0.999106, SD =0.022763, ABSMAX =1.053066, ABSMIN =0.946697
2019-04-01 15:55:48,768 INFO WEIGHT LAYER 7: ABSAV = 0.025136, SD =0.030510, ABSMAX =0.139407, ABSMIN =0.000001
2019-04-01 15:55:48,769 INFO WEIGHT LAYER 8: ABSAV = 1.013762, SD =0.031749, ABSMAX =1.121718, ABSMIN =0.928496
2019-04-01 15:55:48,770 INFO WEIGHT LAYER 11: ABSAV = 0.023914, SD =0.028671, ABSMAX =0.114811, ABSMIN =0.000001
2019-04-01 15:55:48,771 INFO WEIGHT LAYER 12: ABSAV = 0.999705, SD =0.018172, ABSMAX =1.042548, ABSMIN =0.946744
2019-04-01 15:55:48,772 INFO WEIGHT LAYER 14: ABSAV = 0.023877, SD =0.028619, ABSMAX =0.115105, ABSMIN =0.000000
2019-04-01 15:55:48,773 INFO WEIGHT LAYER 15: ABSAV = 0.998640, SD =0.025663, ABSMAX =1.085316, ABSMIN =0.949789
2019-04-01 15:55:48,774 INFO WEIGHT LAYER 18: ABSAV = 0.023291, SD =0.027704, ABSMAX =0.109567, ABSMIN =0.000001
2019-04-01 15:55:48,775 INFO WEIGHT LAYER 19: ABSAV = 1.000170, SD =0.015930, ABSMAX =1.039283, ABSMIN =0.970853
2019-04-01 15:55:48,776 INFO WEIGHT LAYER 21: ABSAV = 0.023135, SD =0.027481, ABSMAX =0.096584, ABSMIN =0.000000
2019-04-01 15:55:48,777 INFO WEIGHT LAYER 22: ABSAV = 0.997049, SD =0.017383, ABSMAX =1.069975, ABSMIN =0.944565
2019-04-01 15:55:48,778 INFO WEIGHT LAYER 25: ABSAV = 0.022639, SD =0.026735, ABSMAX =0.105139, ABSMIN =0.000001
2019-04-01 15:55:48,779 INFO WEIGHT LAYER 26: ABSAV = 1.000005, SD =0.014914, ABSMAX =1.038956, ABSMIN =0.975112
2019-04-01 15:55:48,780 INFO WEIGHT LAYER 28: ABSAV = 0.022559, SD =0.026605, ABSMAX =0.093921, ABSMIN =0.000001
2019-04-01 15:55:48,781 INFO WEIGHT LAYER 29: ABSAV = 0.985582, SD =0.013132, ABSMAX =1.010883, ABSMIN =0.950916
2019-04-01 15:55:48,782 INFO WEIGHT LAYER 32: ABSAV = 0.022217, SD =0.026083, ABSMAX =0.091059, ABSMIN =0.000001
2019-04-01 15:55:48,783 INFO WEIGHT LAYER 33: ABSAV = 1.000048, SD =0.010270, ABSMAX =1.026674, ABSMIN =0.977338
2019-04-01 15:55:48,784 INFO WEIGHT LAYER 35: ABSAV = 0.022255, SD =0.026061, ABSMAX =0.084314, ABSMIN =0.000001
2019-04-01 15:55:48,785 INFO WEIGHT LAYER 36: ABSAV = 0.982560, SD =0.011047, ABSMAX =1.002991, ABSMIN =0.955290
2019-04-01 15:55:48,786 INFO WEIGHT LAYER 39: ABSAV = 0.171999, SD =0.211078, ABSMAX =0.596141, ABSMIN =0.001285
2019-04-01 15:55:48,786 INFO WEIGHT LAYER 40: ABSAV = 1.160938, SD =0.000000, ABSMAX =1.160938, ABSMIN =1.160938
2019-04-01 15:55:48,787 INFO WEIGHT LAYER 42: ABSAV = 0.143733, SD =0.174091, ABSMAX =0.403011, ABSMIN =0.002194
2019-04-01 15:55:48,788 INFO WEIGHT LAYER 44: ABSAV = 1.052996, SD =0.083190, ABSMAX =1.136185, ABSMIN =0.969806
2019-04-01 15:55:48,788 INFO WEIGHT LAYER 45: ABSAV = 0.227414, SD =0.271148, ABSMAX =0.724227, ABSMIN =0.000105
2019-04-01 15:55:48,789 INFO WEIGHT LAYER 49: ABSAV = 0.261527, SD =0.337644, ABSMAX =0.782318, ABSMIN =0.038363
2019-04-01 15:55:48,789 INFO WEIGHT LAYER 50: ABSAV = 0.215406, SD =0.249802, ABSMAX =0.530077, ABSMIN =0.009472
2019-04-01 15:55:48,789 INFO ------------------
2019-04-01 15:55:48,790 INFO BIAS LAYER 2: ABSAV = 0.099241, SD =0.039519, ABSMAX =0.214145, ABSMIN =0.013532
2019-04-01 15:55:48,791 INFO BIAS LAYER 5: ABSAV = 0.055884, SD =0.019455, ABSMAX =0.092964, ABSMIN =0.019420
2019-04-01 15:55:48,792 INFO BIAS LAYER 8: ABSAV = 0.074599, SD =0.020921, ABSMAX =0.148912, ABSMIN =0.029785
2019-04-01 15:55:48,793 INFO BIAS LAYER 12: ABSAV = 0.033117, SD =0.015527, ABSMAX =0.081841, ABSMIN =0.003691
2019-04-01 15:55:48,794 INFO BIAS LAYER 15: ABSAV = 0.051287, SD =0.017810, ABSMAX =0.106695, ABSMIN =0.015004
2019-04-01 15:55:48,795 INFO BIAS LAYER 19: ABSAV = 0.022470, SD =0.011568, ABSMAX =0.046999, ABSMIN =0.000952
2019-04-01 15:55:48,796 INFO BIAS LAYER 22: ABSAV = 0.033804, SD =0.015370, ABSMAX =0.088959, ABSMIN =0.001353
2019-04-01 15:55:48,797 INFO BIAS LAYER 26: ABSAV = 0.011824, SD =0.011149, ABSMAX =0.037152, ABSMIN =0.000290
2019-04-01 15:55:48,798 INFO BIAS LAYER 29: ABSAV = 0.022027, SD =0.013071, ABSMAX =0.067639, ABSMIN =0.001519
2019-04-01 15:55:48,799 INFO BIAS LAYER 33: ABSAV = 0.008962, SD =0.009467, ABSMAX =0.022483, ABSMIN =0.000201
2019-04-01 15:55:48,801 INFO BIAS LAYER 36: ABSAV = 0.012439, SD =0.010343, ABSMAX =0.049667, ABSMIN =0.000445
2019-04-01 15:55:48,801 INFO BIAS LAYER 40: ABSAV = 0.434021, SD =0.000000, ABSMAX =0.434021, ABSMIN =0.434021
2019-04-01 15:55:48,802 INFO BIAS LAYER 44: ABSAV = 0.255202, SD =0.027451, ABSMAX =0.282653, ABSMIN =0.227750
2019-04-01 15:55:48,804 INFO ******************
2019-04-01 15:56:25,969 INFO WEIGHT LAYER 1: ABSAV = 0.089832, SD =0.114105, ABSMAX =0.409288, ABSMIN =0.000010
2019-04-01 15:56:25,970 INFO WEIGHT LAYER 2: ABSAV = 1.015304, SD =0.049469, ABSMAX =1.208081, ABSMIN =0.922246
2019-04-01 15:56:25,972 INFO WEIGHT LAYER 4: ABSAV = 0.024942, SD =0.030365, ABSMAX =0.127188, ABSMIN =0.000001
2019-04-01 15:56:25,973 INFO WEIGHT LAYER 5: ABSAV = 0.999016, SD =0.023485, ABSMAX =1.053157, ABSMIN =0.950955
2019-04-01 15:56:25,975 INFO WEIGHT LAYER 7: ABSAV = 0.025015, SD =0.030418, ABSMAX =0.140422, ABSMIN =0.000001
2019-04-01 15:56:25,976 INFO WEIGHT LAYER 8: ABSAV = 1.014520, SD =0.032673, ABSMAX =1.117141, ABSMIN =0.931331
2019-04-01 15:56:25,978 INFO WEIGHT LAYER 11: ABSAV = 0.023723, SD =0.028497, ABSMAX =0.119277, ABSMIN =0.000000
2019-04-01 15:56:25,979 INFO WEIGHT LAYER 12: ABSAV = 0.999636, SD =0.019451, ABSMAX =1.047500, ABSMIN =0.945247
2019-04-01 15:56:25,981 INFO WEIGHT LAYER 14: ABSAV = 0.023706, SD =0.028465, ABSMAX =0.118303, ABSMIN =0.000000
2019-04-01 15:56:25,982 INFO WEIGHT LAYER 15: ABSAV = 0.998138, SD =0.026678, ABSMAX =1.086930, ABSMIN =0.945898
2019-04-01 15:56:25,983 INFO WEIGHT LAYER 18: ABSAV = 0.023066, SD =0.027491, ABSMAX =0.109113, ABSMIN =0.000001
2019-04-01 15:56:25,984 INFO WEIGHT LAYER 19: ABSAV = 1.000135, SD =0.016828, ABSMAX =1.039652, ABSMIN =0.970403
2019-04-01 15:56:25,985 INFO WEIGHT LAYER 21: ABSAV = 0.022915, SD =0.027277, ABSMAX =0.097641, ABSMIN =0.000000
2019-04-01 15:56:25,986 INFO WEIGHT LAYER 22: ABSAV = 0.996534, SD =0.018585, ABSMAX =1.080064, ABSMIN =0.943416
2019-04-01 15:56:25,987 INFO WEIGHT LAYER 25: ABSAV = 0.022371, SD =0.026444, ABSMAX =0.102475, ABSMIN =0.000001
2019-04-01 15:56:25,988 INFO WEIGHT LAYER 26: ABSAV = 1.000002, SD =0.015395, ABSMAX =1.041723, ABSMIN =0.972844
2019-04-01 15:56:25,989 INFO WEIGHT LAYER 28: ABSAV = 0.022287, SD =0.026318, ABSMAX =0.092914, ABSMIN =0.000001
2019-04-01 15:56:25,990 INFO WEIGHT LAYER 29: ABSAV = 0.984484, SD =0.013768, ABSMAX =1.012206, ABSMIN =0.951135
2019-04-01 15:56:25,991 INFO WEIGHT LAYER 32: ABSAV = 0.021912, SD =0.025743, ABSMAX =0.091789, ABSMIN =0.000001
2019-04-01 15:56:25,992 INFO WEIGHT LAYER 33: ABSAV = 1.000047, SD =0.010727, ABSMAX =1.025783, ABSMIN =0.976375
2019-04-01 15:56:25,993 INFO WEIGHT LAYER 35: ABSAV = 0.021947, SD =0.025719, ABSMAX =0.083012, ABSMIN =0.000002
2019-04-01 15:56:25,993 INFO WEIGHT LAYER 36: ABSAV = 0.981355, SD =0.011519, ABSMAX =1.004040, ABSMIN =0.950232
2019-04-01 15:56:25,994 INFO WEIGHT LAYER 39: ABSAV = 0.180038, SD =0.216988, ABSMAX =0.572524, ABSMIN =0.002768
2019-04-01 15:56:25,995 INFO WEIGHT LAYER 40: ABSAV = 1.147538, SD =0.000000, ABSMAX =1.147538, ABSMIN =1.147538
2019-04-01 15:56:25,995 INFO WEIGHT LAYER 42: ABSAV = 0.144030, SD =0.175557, ABSMAX =0.418915, ABSMIN =0.001663
2019-04-01 15:56:25,996 INFO WEIGHT LAYER 44: ABSAV = 1.061015, SD =0.053026, ABSMAX =1.114041, ABSMIN =1.007989
2019-04-01 15:56:25,996 INFO WEIGHT LAYER 45: ABSAV = 0.226475, SD =0.269659, ABSMAX =0.664039, ABSMIN =0.000553
2019-04-01 15:56:25,997 INFO WEIGHT LAYER 49: ABSAV = 0.267402, SD =0.336434, ABSMAX =0.759665, ABSMIN =0.020903
2019-04-01 15:56:25,997 INFO WEIGHT LAYER 50: ABSAV = 0.212198, SD =0.247480, ABSMAX =0.518220, ABSMIN =0.002303
2019-04-01 15:56:25,998 INFO ------------------
2019-04-01 15:56:25,998 INFO BIAS LAYER 2: ABSAV = 0.103498, SD =0.040723, ABSMAX =0.217507, ABSMIN =0.021178
2019-04-01 15:56:25,999 INFO BIAS LAYER 5: ABSAV = 0.058651, SD =0.019643, ABSMAX =0.096474, ABSMIN =0.020818
2019-04-01 15:56:26,000 INFO BIAS LAYER 8: ABSAV = 0.079310, SD =0.022808, ABSMAX =0.161159, ABSMIN =0.029950
2019-04-01 15:56:26,001 INFO BIAS LAYER 12: ABSAV = 0.035331, SD =0.016170, ABSMAX =0.083903, ABSMIN =0.003828
2019-04-01 15:56:26,002 INFO BIAS LAYER 15: ABSAV = 0.054945, SD =0.019366, ABSMAX =0.114988, ABSMIN =0.016763
2019-04-01 15:56:26,003 INFO BIAS LAYER 19: ABSAV = 0.024020, SD =0.011731, ABSMAX =0.051640, ABSMIN =0.000609
2019-04-01 15:56:26,004 INFO BIAS LAYER 22: ABSAV = 0.036472, SD =0.016742, ABSMAX =0.094121, ABSMIN =0.000099
2019-04-01 15:56:26,005 INFO BIAS LAYER 26: ABSAV = 0.012356, SD =0.011250, ABSMAX =0.038866, ABSMIN =0.000345
2019-04-01 15:56:26,006 INFO BIAS LAYER 29: ABSAV = 0.024131, SD =0.014726, ABSMAX =0.072377, ABSMIN =0.002362
2019-04-01 15:56:26,007 INFO BIAS LAYER 33: ABSAV = 0.009178, SD =0.009589, ABSMAX =0.022614, ABSMIN =0.000081
2019-04-01 15:56:26,008 INFO BIAS LAYER 36: ABSAV = 0.013278, SD =0.011043, ABSMAX =0.051564, ABSMIN =0.000042
2019-04-01 15:56:26,009 INFO BIAS LAYER 40: ABSAV = 0.434157, SD =0.000000, ABSMAX =0.434157, ABSMIN =0.434157
2019-04-01 15:56:26,010 INFO BIAS LAYER 44: ABSAV = 0.254377, SD =0.033430, ABSMAX =0.287807, ABSMIN =0.220946
2019-04-01 15:56:26,011 INFO ******************
2019-04-01 15:57:03,479 INFO WEIGHT LAYER 1: ABSAV = 0.090185, SD =0.114666, ABSMAX =0.401216, ABSMIN =0.000007
2019-04-01 15:57:03,481 INFO WEIGHT LAYER 2: ABSAV = 1.016890, SD =0.050538, ABSMAX =1.209536, ABSMIN =0.925033
2019-04-01 15:57:03,483 INFO WEIGHT LAYER 4: ABSAV = 0.024700, SD =0.030115, ABSMAX =0.127392, ABSMIN =0.000000
2019-04-01 15:57:03,485 INFO WEIGHT LAYER 5: ABSAV = 0.998922, SD =0.024544, ABSMAX =1.054541, ABSMIN =0.945902
2019-04-01 15:57:03,487 INFO WEIGHT LAYER 7: ABSAV = 0.024795, SD =0.030201, ABSMAX =0.137367, ABSMIN =0.000001
2019-04-01 15:57:03,488 INFO WEIGHT LAYER 8: ABSAV = 1.014848, SD =0.033688, ABSMAX =1.124487, ABSMIN =0.930248
2019-04-01 15:57:03,490 INFO WEIGHT LAYER 11: ABSAV = 0.023481, SD =0.028238, ABSMAX =0.117496, ABSMIN =0.000000
2019-04-01 15:57:03,491 INFO WEIGHT LAYER 12: ABSAV = 0.999627, SD =0.019528, ABSMAX =1.049390, ABSMIN =0.944652
2019-04-01 15:57:03,492 INFO WEIGHT LAYER 14: ABSAV = 0.023478, SD =0.028239, ABSMAX =0.116384, ABSMIN =0.000001
2019-04-01 15:57:03,493 INFO WEIGHT LAYER 15: ABSAV = 0.997487, SD =0.027143, ABSMAX =1.087514, ABSMIN =0.944818
2019-04-01 15:57:03,494 INFO WEIGHT LAYER 18: ABSAV = 0.022808, SD =0.027224, ABSMAX =0.111429, ABSMIN =0.000000
2019-04-01 15:57:03,495 INFO WEIGHT LAYER 19: ABSAV = 1.000131, SD =0.016965, ABSMAX =1.039294, ABSMIN =0.971390
2019-04-01 15:57:03,497 INFO WEIGHT LAYER 21: ABSAV = 0.022674, SD =0.027038, ABSMAX =0.103363, ABSMIN =0.000001
2019-04-01 15:57:03,497 INFO WEIGHT LAYER 22: ABSAV = 0.995718, SD =0.019181, ABSMAX =1.076689, ABSMIN =0.936423
2019-04-01 15:57:03,498 INFO WEIGHT LAYER 25: ABSAV = 0.022083, SD =0.026126, ABSMAX =0.103936, ABSMIN =0.000000
2019-04-01 15:57:03,499 INFO WEIGHT LAYER 26: ABSAV = 1.000005, SD =0.015708, ABSMAX =1.042694, ABSMIN =0.972721
2019-04-01 15:57:03,500 INFO WEIGHT LAYER 28: ABSAV = 0.022004, SD =0.026011, ABSMAX =0.093727, ABSMIN =0.000001
2019-04-01 15:57:03,501 INFO WEIGHT LAYER 29: ABSAV = 0.983963, SD =0.014667, ABSMAX =1.017478, ABSMIN =0.951018
2019-04-01 15:57:03,502 INFO WEIGHT LAYER 32: ABSAV = 0.021598, SD =0.025391, ABSMAX =0.088313, ABSMIN =0.000000
2019-04-01 15:57:03,503 INFO WEIGHT LAYER 33: ABSAV = 1.000050, SD =0.011069, ABSMAX =1.025074, ABSMIN =0.974322
2019-04-01 15:57:03,504 INFO WEIGHT LAYER 35: ABSAV = 0.021637, SD =0.025371, ABSMAX =0.081604, ABSMIN =0.000000
2019-04-01 15:57:03,505 INFO WEIGHT LAYER 36: ABSAV = 0.980654, SD =0.011480, ABSMAX =1.003209, ABSMIN =0.953194
2019-04-01 15:57:03,506 INFO WEIGHT LAYER 39: ABSAV = 0.177195, SD =0.215932, ABSMAX =0.627753, ABSMIN =0.002981
2019-04-01 15:57:03,506 INFO WEIGHT LAYER 40: ABSAV = 1.049269, SD =0.000000, ABSMAX =1.049269, ABSMIN =1.049269
2019-04-01 15:57:03,507 INFO WEIGHT LAYER 42: ABSAV = 0.144406, SD =0.176898, ABSMAX =0.430844, ABSMIN =0.000265
2019-04-01 15:57:03,508 INFO WEIGHT LAYER 44: ABSAV = 1.078895, SD =0.039799, ABSMAX =1.118693, ABSMIN =1.039096
2019-04-01 15:57:03,508 INFO WEIGHT LAYER 45: ABSAV = 0.223189, SD =0.266243, ABSMAX =0.691896, ABSMIN =0.002374
2019-04-01 15:57:03,509 INFO WEIGHT LAYER 49: ABSAV = 0.257007, SD =0.317104, ABSMAX =0.695660, ABSMIN =0.003863
2019-04-01 15:57:03,509 INFO WEIGHT LAYER 50: ABSAV = 0.209572, SD =0.245784, ABSMAX =0.553648, ABSMIN =0.001640
2019-04-01 15:57:03,509 INFO ------------------
2019-04-01 15:57:03,510 INFO BIAS LAYER 2: ABSAV = 0.107131, SD =0.041964, ABSMAX =0.220242, ABSMIN =0.018639
2019-04-01 15:57:03,511 INFO BIAS LAYER 5: ABSAV = 0.060906, SD =0.019865, ABSMAX =0.099817, ABSMIN =0.023776
2019-04-01 15:57:03,512 INFO BIAS LAYER 8: ABSAV = 0.081996, SD =0.025163, ABSMAX =0.177797, ABSMIN =0.028849
2019-04-01 15:57:03,513 INFO BIAS LAYER 12: ABSAV = 0.036418, SD =0.016385, ABSMAX =0.083184, ABSMIN =0.004016
2019-04-01 15:57:03,514 INFO BIAS LAYER 15: ABSAV = 0.057136, SD =0.021552, ABSMAX =0.132705, ABSMIN =0.015903
2019-04-01 15:57:03,516 INFO BIAS LAYER 19: ABSAV = 0.024985, SD =0.011973, ABSMAX =0.052718, ABSMIN =0.001212
2019-04-01 15:57:03,517 INFO BIAS LAYER 22: ABSAV = 0.038314, SD =0.018357, ABSMAX =0.111740, ABSMIN =0.002749
2019-04-01 15:57:03,518 INFO BIAS LAYER 26: ABSAV = 0.012757, SD =0.011567, ABSMAX =0.037727, ABSMIN =0.000184
2019-04-01 15:57:03,518 INFO BIAS LAYER 29: ABSAV = 0.025257, SD =0.015945, ABSMAX =0.089165, ABSMIN =0.001935
2019-04-01 15:57:03,519 INFO BIAS LAYER 33: ABSAV = 0.009251, SD =0.009783, ABSMAX =0.023092, ABSMIN =0.000676
2019-04-01 15:57:03,520 INFO BIAS LAYER 36: ABSAV = 0.014017, SD =0.011796, ABSMAX =0.060531, ABSMIN =0.000202
2019-04-01 15:57:03,521 INFO BIAS LAYER 40: ABSAV = 0.345289, SD =0.000000, ABSMAX =0.345289, ABSMIN =0.345289
2019-04-01 15:57:03,522 INFO BIAS LAYER 44: ABSAV = 0.251158, SD =0.046925, ABSMAX =0.298082, ABSMIN =0.204233
2019-04-01 15:57:03,523 INFO ******************
2019-04-01 15:57:40,982 INFO WEIGHT LAYER 1: ABSAV = 0.090303, SD =0.114693, ABSMAX =0.414211, ABSMIN =0.000102
2019-04-01 15:57:40,983 INFO WEIGHT LAYER 2: ABSAV = 1.017814, SD =0.051659, ABSMAX =1.210615, ABSMIN =0.920713
2019-04-01 15:57:40,985 INFO WEIGHT LAYER 4: ABSAV = 0.024436, SD =0.029831, ABSMAX =0.128498, ABSMIN =0.000002
2019-04-01 15:57:40,987 INFO WEIGHT LAYER 5: ABSAV = 0.998768, SD =0.025310, ABSMAX =1.055882, ABSMIN =0.944937
2019-04-01 15:57:40,989 INFO WEIGHT LAYER 7: ABSAV = 0.024553, SD =0.029948, ABSMAX =0.136267, ABSMIN =0.000000
2019-04-01 15:57:40,990 INFO WEIGHT LAYER 8: ABSAV = 1.015723, SD =0.034773, ABSMAX =1.124123, ABSMIN =0.927778
2019-04-01 15:57:40,992 INFO WEIGHT LAYER 11: ABSAV = 0.023213, SD =0.027950, ABSMAX =0.119539, ABSMIN =0.000001
2019-04-01 15:57:40,993 INFO WEIGHT LAYER 12: ABSAV = 0.999587, SD =0.020019, ABSMAX =1.049201, ABSMIN =0.939665
2019-04-01 15:57:40,994 INFO WEIGHT LAYER 14: ABSAV = 0.023234, SD =0.027980, ABSMAX =0.119427, ABSMIN =0.000000
2019-04-01 15:57:40,995 INFO WEIGHT LAYER 15: ABSAV = 0.997080, SD =0.028366, ABSMAX =1.088578, ABSMIN =0.943532
2019-04-01 15:57:40,996 INFO WEIGHT LAYER 18: ABSAV = 0.022539, SD =0.026934, ABSMAX =0.106241, ABSMIN =0.000000
2019-04-01 15:57:40,997 INFO WEIGHT LAYER 19: ABSAV = 1.000127, SD =0.017298, ABSMAX =1.040685, ABSMIN =0.967489
2019-04-01 15:57:40,998 INFO WEIGHT LAYER 21: ABSAV = 0.022411, SD =0.026762, ABSMAX =0.107254, ABSMIN =0.000000
2019-04-01 15:57:40,999 INFO WEIGHT LAYER 22: ABSAV = 0.996177, SD =0.020172, ABSMAX =1.080771, ABSMIN =0.935169
2019-04-01 15:57:41,000 INFO WEIGHT LAYER 25: ABSAV = 0.021784, SD =0.025789, ABSMAX =0.105686, ABSMIN =0.000001
2019-04-01 15:57:41,001 INFO WEIGHT LAYER 26: ABSAV = 1.000004, SD =0.015978, ABSMAX =1.043687, ABSMIN =0.973312
2019-04-01 15:57:41,002 INFO WEIGHT LAYER 28: ABSAV = 0.021713, SD =0.025689, ABSMAX =0.091490, ABSMIN =0.000001
2019-04-01 15:57:41,003 INFO WEIGHT LAYER 29: ABSAV = 0.982929, SD =0.015470, ABSMAX =1.022765, ABSMIN =0.942567
2019-04-01 15:57:41,005 INFO WEIGHT LAYER 32: ABSAV = 0.021281, SD =0.025032, ABSMAX =0.086740, ABSMIN =0.000000
2019-04-01 15:57:41,006 INFO WEIGHT LAYER 33: ABSAV = 1.000050, SD =0.011449, ABSMAX =1.024535, ABSMIN =0.972257
2019-04-01 15:57:41,008 INFO WEIGHT LAYER 35: ABSAV = 0.021327, SD =0.025018, ABSMAX =0.081196, ABSMIN =0.000000
2019-04-01 15:57:41,009 INFO WEIGHT LAYER 36: ABSAV = 0.979008, SD =0.012290, ABSMAX =1.002902, ABSMIN =0.943420
2019-04-01 15:57:41,010 INFO WEIGHT LAYER 39: ABSAV = 0.177875, SD =0.216100, ABSMAX =0.647259, ABSMIN =0.000022
2019-04-01 15:57:41,011 INFO WEIGHT LAYER 40: ABSAV = 1.048309, SD =0.000000, ABSMAX =1.048309, ABSMIN =1.048309
2019-04-01 15:57:41,012 INFO WEIGHT LAYER 42: ABSAV = 0.144389, SD =0.178043, ABSMAX =0.413401, ABSMIN =0.000292
2019-04-01 15:57:41,013 INFO WEIGHT LAYER 44: ABSAV = 1.072634, SD =0.044430, ABSMAX =1.117064, ABSMIN =1.028204
2019-04-01 15:57:41,013 INFO WEIGHT LAYER 45: ABSAV = 0.222516, SD =0.266043, ABSMAX =0.709609, ABSMIN =0.000290
2019-04-01 15:57:41,014 INFO WEIGHT LAYER 49: ABSAV = 0.260321, SD =0.323573, ABSMAX =0.735869, ABSMIN =0.021133
2019-04-01 15:57:41,015 INFO WEIGHT LAYER 50: ABSAV = 0.207003, SD =0.242599, ABSMAX =0.515023, ABSMIN =0.003075
2019-04-01 15:57:41,015 INFO ------------------
2019-04-01 15:57:41,016 INFO BIAS LAYER 2: ABSAV = 0.110236, SD =0.042061, ABSMAX =0.229746, ABSMIN =0.020962
2019-04-01 15:57:41,017 INFO BIAS LAYER 5: ABSAV = 0.063859, SD =0.019981, ABSMAX =0.105834, ABSMIN =0.024228
2019-04-01 15:57:41,018 INFO BIAS LAYER 8: ABSAV = 0.084918, SD =0.026216, ABSMAX =0.183136, ABSMIN =0.024190
2019-04-01 15:57:41,019 INFO BIAS LAYER 12: ABSAV = 0.037713, SD =0.016995, ABSMAX =0.084894, ABSMIN =0.003108
2019-04-01 15:57:41,020 INFO BIAS LAYER 15: ABSAV = 0.059180, SD =0.022577, ABSMAX =0.136792, ABSMIN =0.018636
2019-04-01 15:57:41,022 INFO BIAS LAYER 19: ABSAV = 0.025885, SD =0.012222, ABSMAX =0.055369, ABSMIN =0.000405
2019-04-01 15:57:41,023 INFO BIAS LAYER 22: ABSAV = 0.039682, SD =0.019226, ABSMAX =0.115824, ABSMIN =0.002098
2019-04-01 15:57:41,024 INFO BIAS LAYER 26: ABSAV = 0.013332, SD =0.011954, ABSMAX =0.039136, ABSMIN =0.000194
2019-04-01 15:57:41,026 INFO BIAS LAYER 29: ABSAV = 0.026505, SD =0.016874, ABSMAX =0.092612, ABSMIN =0.002616
2019-04-01 15:57:41,027 INFO BIAS LAYER 33: ABSAV = 0.009295, SD =0.009847, ABSMAX =0.021691, ABSMIN =0.000039
2019-04-01 15:57:41,028 INFO BIAS LAYER 36: ABSAV = 0.014705, SD =0.012782, ABSMAX =0.062855, ABSMIN =0.000049
2019-04-01 15:57:41,029 INFO BIAS LAYER 40: ABSAV = 0.376676, SD =0.000000, ABSMAX =0.376676, ABSMIN =0.376676
2019-04-01 15:57:41,030 INFO BIAS LAYER 44: ABSAV = 0.231896, SD =0.075158, ABSMAX =0.307054, ABSMIN =0.156738
2019-04-01 15:57:41,031 INFO ******************
2019-04-01 15:58:18,927 INFO WEIGHT LAYER 1: ABSAV = 0.090854, SD =0.115726, ABSMAX =0.412239, ABSMIN =0.000114
2019-04-01 15:58:18,929 INFO WEIGHT LAYER 2: ABSAV = 1.019632, SD =0.054138, ABSMAX =1.221172, ABSMIN =0.917268
2019-04-01 15:58:18,931 INFO WEIGHT LAYER 4: ABSAV = 0.024229, SD =0.029619, ABSMAX =0.134111, ABSMIN =0.000000
2019-04-01 15:58:18,933 INFO WEIGHT LAYER 5: ABSAV = 0.998683, SD =0.025749, ABSMAX =1.059146, ABSMIN =0.943111
2019-04-01 15:58:18,935 INFO WEIGHT LAYER 7: ABSAV = 0.024350, SD =0.029747, ABSMAX =0.137781, ABSMIN =0.000000
2019-04-01 15:58:18,937 INFO WEIGHT LAYER 8: ABSAV = 1.016016, SD =0.034388, ABSMAX =1.114016, ABSMIN =0.925919
2019-04-01 15:58:18,938 INFO WEIGHT LAYER 11: ABSAV = 0.022972, SD =0.027693, ABSMAX =0.120520, ABSMIN =0.000000
2019-04-01 15:58:18,939 INFO WEIGHT LAYER 12: ABSAV = 0.999548, SD =0.019967, ABSMAX =1.051327, ABSMIN =0.940435
2019-04-01 15:58:18,940 INFO WEIGHT LAYER 14: ABSAV = 0.023014, SD =0.027745, ABSMAX =0.113543, ABSMIN =0.000000
2019-04-01 15:58:18,941 INFO WEIGHT LAYER 15: ABSAV = 0.995929, SD =0.028579, ABSMAX =1.086278, ABSMIN =0.943049
2019-04-01 15:58:18,942 INFO WEIGHT LAYER 18: ABSAV = 0.022279, SD =0.026665, ABSMAX =0.106039, ABSMIN =0.000001
2019-04-01 15:58:18,942 INFO WEIGHT LAYER 19: ABSAV = 1.000108, SD =0.017656, ABSMAX =1.041518, ABSMIN =0.963374
2019-04-01 15:58:18,944 INFO WEIGHT LAYER 21: ABSAV = 0.022170, SD =0.026511, ABSMAX =0.106557, ABSMIN =0.000000
2019-04-01 15:58:18,944 INFO WEIGHT LAYER 22: ABSAV = 0.995765, SD =0.020689, ABSMAX =1.087133, ABSMIN =0.932725
2019-04-01 15:58:18,945 INFO WEIGHT LAYER 25: ABSAV = 0.021496, SD =0.025471, ABSMAX =0.106842, ABSMIN =0.000001
2019-04-01 15:58:18,946 INFO WEIGHT LAYER 26: ABSAV = 1.000002, SD =0.016154, ABSMAX =1.042338, ABSMIN =0.970970
2019-04-01 15:58:18,947 INFO WEIGHT LAYER 28: ABSAV = 0.021439, SD =0.025383, ABSMAX =0.094587, ABSMIN =0.000000
2019-04-01 15:58:18,948 INFO WEIGHT LAYER 29: ABSAV = 0.982369, SD =0.015898, ABSMAX =1.027384, ABSMIN =0.943914
2019-04-01 15:58:18,949 INFO WEIGHT LAYER 32: ABSAV = 0.020975, SD =0.024684, ABSMAX =0.084155, ABSMIN =0.000001
2019-04-01 15:58:18,950 INFO WEIGHT LAYER 33: ABSAV = 1.000052, SD =0.011615, ABSMAX =1.026034, ABSMIN =0.972485
2019-04-01 15:58:18,951 INFO WEIGHT LAYER 35: ABSAV = 0.021025, SD =0.024679, ABSMAX =0.079871, ABSMIN =0.000000
2019-04-01 15:58:18,952 INFO WEIGHT LAYER 36: ABSAV = 0.978161, SD =0.012797, ABSMAX =1.006002, ABSMIN =0.941827
2019-04-01 15:58:18,953 INFO WEIGHT LAYER 39: ABSAV = 0.182149, SD =0.219711, ABSMAX =0.645991, ABSMIN =0.002871
2019-04-01 15:58:18,954 INFO WEIGHT LAYER 40: ABSAV = 1.077142, SD =0.000000, ABSMAX =1.077142, ABSMIN =1.077142
2019-04-01 15:58:18,954 INFO WEIGHT LAYER 42: ABSAV = 0.144219, SD =0.178665, ABSMAX =0.415962, ABSMIN =0.000266
2019-04-01 15:58:18,955 INFO WEIGHT LAYER 44: ABSAV = 1.105411, SD =0.030786, ABSMAX =1.136197, ABSMIN =1.074625
2019-04-01 15:58:18,956 INFO WEIGHT LAYER 45: ABSAV = 0.221953, SD =0.265616, ABSMAX =0.684974, ABSMIN =0.001840
2019-04-01 15:58:18,956 INFO WEIGHT LAYER 49: ABSAV = 0.263620, SD =0.329484, ABSMAX =0.765811, ABSMIN =0.009144
2019-04-01 15:58:18,957 INFO WEIGHT LAYER 50: ABSAV = 0.206440, SD =0.241590, ABSMAX =0.516613, ABSMIN =0.001888
2019-04-01 15:58:18,957 INFO ------------------
2019-04-01 15:58:18,958 INFO BIAS LAYER 2: ABSAV = 0.113859, SD =0.043368, ABSMAX =0.234736, ABSMIN =0.020095
2019-04-01 15:58:18,959 INFO BIAS LAYER 5: ABSAV = 0.065939, SD =0.020537, ABSMAX =0.113239, ABSMIN =0.019748
2019-04-01 15:58:18,960 INFO BIAS LAYER 8: ABSAV = 0.088093, SD =0.027628, ABSMAX =0.188754, ABSMIN =0.018829
2019-04-01 15:58:18,961 INFO BIAS LAYER 12: ABSAV = 0.039166, SD =0.017557, ABSMAX =0.085629, ABSMIN =0.006333
2019-04-01 15:58:18,962 INFO BIAS LAYER 15: ABSAV = 0.061099, SD =0.023237, ABSMAX =0.139608, ABSMIN =0.017325
2019-04-01 15:58:18,963 INFO BIAS LAYER 19: ABSAV = 0.026824, SD =0.012663, ABSMAX =0.053911, ABSMIN =0.000469
2019-04-01 15:58:18,964 INFO BIAS LAYER 22: ABSAV = 0.041114, SD =0.019667, ABSMAX =0.118833, ABSMIN =0.002634
2019-04-01 15:58:18,965 INFO BIAS LAYER 26: ABSAV = 0.013629, SD =0.012390, ABSMAX =0.040453, ABSMIN =0.000067
2019-04-01 15:58:18,966 INFO BIAS LAYER 29: ABSAV = 0.027659, SD =0.017056, ABSMAX =0.098743, ABSMIN =0.003242
2019-04-01 15:58:18,967 INFO BIAS LAYER 33: ABSAV = 0.009370, SD =0.009744, ABSMAX =0.022777, ABSMIN =0.000129
2019-04-01 15:58:18,967 INFO BIAS LAYER 36: ABSAV = 0.015423, SD =0.013167, ABSMAX =0.064699, ABSMIN =0.000436
2019-04-01 15:58:18,968 INFO BIAS LAYER 40: ABSAV = 0.339348, SD =0.000000, ABSMAX =0.339348, ABSMIN =0.339348
2019-04-01 15:58:18,969 INFO BIAS LAYER 44: ABSAV = 0.224944, SD =0.059160, ABSMAX =0.284104, ABSMIN =0.165784
2019-04-01 15:58:18,970 INFO ******************
2019-04-01 15:58:57,746 INFO WEIGHT LAYER 1: ABSAV = 0.090786, SD =0.115814, ABSMAX =0.421376, ABSMIN =0.000003
2019-04-01 15:58:57,747 INFO WEIGHT LAYER 2: ABSAV = 1.021305, SD =0.054315, ABSMAX =1.217124, ABSMIN =0.916577
2019-04-01 15:58:57,750 INFO WEIGHT LAYER 4: ABSAV = 0.023969, SD =0.029328, ABSMAX =0.132638, ABSMIN =0.000000
2019-04-01 15:58:57,752 INFO WEIGHT LAYER 5: ABSAV = 0.998626, SD =0.025952, ABSMAX =1.059913, ABSMIN =0.944396
2019-04-01 15:58:57,754 INFO WEIGHT LAYER 7: ABSAV = 0.024108, SD =0.029485, ABSMAX =0.140194, ABSMIN =0.000000
2019-04-01 15:58:57,756 INFO WEIGHT LAYER 8: ABSAV = 1.016387, SD =0.034846, ABSMAX =1.109523, ABSMIN =0.925804
2019-04-01 15:58:57,758 INFO WEIGHT LAYER 11: ABSAV = 0.022704, SD =0.027402, ABSMAX =0.121547, ABSMIN =0.000000
2019-04-01 15:58:57,759 INFO WEIGHT LAYER 12: ABSAV = 0.999513, SD =0.020479, ABSMAX =1.046741, ABSMIN =0.938286
2019-04-01 15:58:57,760 INFO WEIGHT LAYER 14: ABSAV = 0.022763, SD =0.027484, ABSMAX =0.118028, ABSMIN =0.000001
2019-04-01 15:58:57,761 INFO WEIGHT LAYER 15: ABSAV = 0.995278, SD =0.030169, ABSMAX =1.090922, ABSMIN =0.941350
2019-04-01 15:58:57,762 INFO WEIGHT LAYER 18: ABSAV = 0.022020, SD =0.026383, ABSMAX =0.105175, ABSMIN =0.000000
2019-04-01 15:58:57,762 INFO WEIGHT LAYER 19: ABSAV = 1.000088, SD =0.017888, ABSMAX =1.039702, ABSMIN =0.961777
2019-04-01 15:58:57,764 INFO WEIGHT LAYER 21: ABSAV = 0.021925, SD =0.026250, ABSMAX =0.105066, ABSMIN =0.000000
2019-04-01 15:58:57,764 INFO WEIGHT LAYER 22: ABSAV = 0.995777, SD =0.021657, ABSMAX =1.085198, ABSMIN =0.933020
2019-04-01 15:58:57,765 INFO WEIGHT LAYER 25: ABSAV = 0.021216, SD =0.025159, ABSMAX =0.106605, ABSMIN =0.000000
2019-04-01 15:58:57,766 INFO WEIGHT LAYER 26: ABSAV = 0.999995, SD =0.016656, ABSMAX =1.045927, ABSMIN =0.971002
2019-04-01 15:58:57,767 INFO WEIGHT LAYER 28: ABSAV = 0.021164, SD =0.025083, ABSMAX =0.096236, ABSMIN =0.000000
2019-04-01 15:58:57,768 INFO WEIGHT LAYER 29: ABSAV = 0.981550, SD =0.016492, ABSMAX =1.018238, ABSMIN =0.941256
2019-04-01 15:58:57,769 INFO WEIGHT LAYER 32: ABSAV = 0.020673, SD =0.024341, ABSMAX =0.085744, ABSMIN =0.000001
2019-04-01 15:58:57,770 INFO WEIGHT LAYER 33: ABSAV = 1.000047, SD =0.011858, ABSMAX =1.027479, ABSMIN =0.973614
2019-04-01 15:58:57,771 INFO WEIGHT LAYER 35: ABSAV = 0.020726, SD =0.024346, ABSMAX =0.078419, ABSMIN =0.000000
2019-04-01 15:58:57,772 INFO WEIGHT LAYER 36: ABSAV = 0.976959, SD =0.013411, ABSMAX =1.007218, ABSMIN =0.938447
2019-04-01 15:58:57,772 INFO WEIGHT LAYER 39: ABSAV = 0.179275, SD =0.219154, ABSMAX =0.688937, ABSMIN =0.000546
2019-04-01 15:58:57,773 INFO WEIGHT LAYER 40: ABSAV = 1.117268, SD =0.000000, ABSMAX =1.117268, ABSMIN =1.117268
2019-04-01 15:58:57,773 INFO WEIGHT LAYER 42: ABSAV = 0.145119, SD =0.179544, ABSMAX =0.413122, ABSMIN =0.003039
2019-04-01 15:58:57,774 INFO WEIGHT LAYER 44: ABSAV = 1.092636, SD =0.017857, ABSMAX =1.110493, ABSMIN =1.074779
2019-04-01 15:58:57,775 INFO WEIGHT LAYER 45: ABSAV = 0.221023, SD =0.265665, ABSMAX =0.746198, ABSMIN =0.005832
2019-04-01 15:58:57,775 INFO WEIGHT LAYER 49: ABSAV = 0.270382, SD =0.340523, ABSMAX =0.782607, ABSMIN =0.010131
2019-04-01 15:58:57,776 INFO WEIGHT LAYER 50: ABSAV = 0.203216, SD =0.238110, ABSMAX =0.509336, ABSMIN =0.001813
2019-04-01 15:58:57,776 INFO ------------------
2019-04-01 15:58:57,777 INFO BIAS LAYER 2: ABSAV = 0.115587, SD =0.043804, ABSMAX =0.237773, ABSMIN =0.020549
2019-04-01 15:58:57,778 INFO BIAS LAYER 5: ABSAV = 0.067419, SD =0.020571, ABSMAX =0.114624, ABSMIN =0.023698
2019-04-01 15:58:57,779 INFO BIAS LAYER 8: ABSAV = 0.090560, SD =0.027570, ABSMAX =0.189823, ABSMIN =0.018109
2019-04-01 15:58:57,780 INFO BIAS LAYER 12: ABSAV = 0.039955, SD =0.018201, ABSMAX =0.080220, ABSMIN =0.001677
2019-04-01 15:58:57,781 INFO BIAS LAYER 15: ABSAV = 0.063422, SD =0.022732, ABSMAX =0.141962, ABSMIN =0.020138
2019-04-01 15:58:57,782 INFO BIAS LAYER 19: ABSAV = 0.027785, SD =0.012983, ABSMAX =0.054539, ABSMIN =0.000638
2019-04-01 15:58:57,783 INFO BIAS LAYER 22: ABSAV = 0.043030, SD =0.019553, ABSMAX =0.121187, ABSMIN =0.001420
2019-04-01 15:58:57,784 INFO BIAS LAYER 26: ABSAV = 0.014196, SD =0.012569, ABSMAX =0.041076, ABSMIN =0.000134
2019-04-01 15:58:57,785 INFO BIAS LAYER 29: ABSAV = 0.029120, SD =0.017268, ABSMAX =0.099682, ABSMIN =0.002625
2019-04-01 15:58:57,786 INFO BIAS LAYER 33: ABSAV = 0.009949, SD =0.009964, ABSMAX =0.024808, ABSMIN =0.000301
2019-04-01 15:58:57,787 INFO BIAS LAYER 36: ABSAV = 0.016085, SD =0.013678, ABSMAX =0.064885, ABSMIN =0.000582
2019-04-01 15:58:57,788 INFO BIAS LAYER 40: ABSAV = 0.424044, SD =0.000000, ABSMAX =0.424044, ABSMIN =0.424044
2019-04-01 15:58:57,789 INFO BIAS LAYER 44: ABSAV = 0.212734, SD =0.054450, ABSMAX =0.267184, ABSMIN =0.158283
2019-04-01 15:58:57,790 INFO ******************
2019-04-01 15:59:35,291 INFO WEIGHT LAYER 1: ABSAV = 0.090412, SD =0.115146, ABSMAX =0.414398, ABSMIN =0.000005
2019-04-01 15:59:35,295 INFO WEIGHT LAYER 2: ABSAV = 1.022040, SD =0.053476, ABSMAX =1.209391, ABSMIN =0.923126
2019-04-01 15:59:35,298 INFO WEIGHT LAYER 4: ABSAV = 0.023669, SD =0.028987, ABSMAX =0.136431, ABSMIN =0.000000
2019-04-01 15:59:35,300 INFO WEIGHT LAYER 5: ABSAV = 0.998544, SD =0.026367, ABSMAX =1.068148, ABSMIN =0.948272
2019-04-01 15:59:35,301 INFO WEIGHT LAYER 7: ABSAV = 0.023836, SD =0.029177, ABSMAX =0.141935, ABSMIN =0.000000
2019-04-01 15:59:35,302 INFO WEIGHT LAYER 8: ABSAV = 1.017713, SD =0.035747, ABSMAX =1.101272, ABSMIN =0.919572
2019-04-01 15:59:35,303 INFO WEIGHT LAYER 11: ABSAV = 0.022416, SD =0.027078, ABSMAX =0.121543, ABSMIN =0.000000
2019-04-01 15:59:35,304 INFO WEIGHT LAYER 12: ABSAV = 0.999488, SD =0.020490, ABSMAX =1.045023, ABSMIN =0.940389
2019-04-01 15:59:35,305 INFO WEIGHT LAYER 14: ABSAV = 0.022492, SD =0.027187, ABSMAX =0.116786, ABSMIN =0.000000
2019-04-01 15:59:35,306 INFO WEIGHT LAYER 15: ABSAV = 0.995676, SD =0.031488, ABSMAX =1.102762, ABSMIN =0.939627
2019-04-01 15:59:35,307 INFO WEIGHT LAYER 18: ABSAV = 0.021740, SD =0.026072, ABSMAX =0.104384, ABSMIN =0.000000
2019-04-01 15:59:35,307 INFO WEIGHT LAYER 19: ABSAV = 1.000040, SD =0.018776, ABSMAX =1.045043, ABSMIN =0.958793
2019-04-01 15:59:35,309 INFO WEIGHT LAYER 21: ABSAV = 0.021661, SD =0.025954, ABSMAX =0.101395, ABSMIN =0.000000
2019-04-01 15:59:35,310 INFO WEIGHT LAYER 22: ABSAV = 0.995960, SD =0.022479, ABSMAX =1.090299, ABSMIN =0.930465
2019-04-01 15:59:35,311 INFO WEIGHT LAYER 25: ABSAV = 0.020925, SD =0.024829, ABSMAX =0.104953, ABSMIN =0.000000
2019-04-01 15:59:35,312 INFO WEIGHT LAYER 26: ABSAV = 0.999982, SD =0.017154, ABSMAX =1.044945, ABSMIN =0.969846
2019-04-01 15:59:35,313 INFO WEIGHT LAYER 28: ABSAV = 0.020876, SD =0.024761, ABSMAX =0.104334, ABSMIN =0.000000
2019-04-01 15:59:35,313 INFO WEIGHT LAYER 29: ABSAV = 0.980284, SD =0.016495, ABSMAX =1.019981, ABSMIN =0.940661
2019-04-01 15:59:35,314 INFO WEIGHT LAYER 32: ABSAV = 0.020369, SD =0.023994, ABSMAX =0.083699, ABSMIN =0.000001
2019-04-01 15:59:35,315 INFO WEIGHT LAYER 33: ABSAV = 1.000043, SD =0.012290, ABSMAX =1.027578, ABSMIN =0.973551
2019-04-01 15:59:35,316 INFO WEIGHT LAYER 35: ABSAV = 0.020427, SD =0.024004, ABSMAX =0.078165, ABSMIN =0.000001
2019-04-01 15:59:35,317 INFO WEIGHT LAYER 36: ABSAV = 0.975037, SD =0.014127, ABSMAX =1.008476, ABSMIN =0.934512
2019-04-01 15:59:35,318 INFO WEIGHT LAYER 39: ABSAV = 0.182073, SD =0.215470, ABSMAX =0.674716, ABSMIN =0.001721
2019-04-01 15:59:35,319 INFO WEIGHT LAYER 40: ABSAV = 1.018484, SD =0.000000, ABSMAX =1.018484, ABSMIN =1.018484
2019-04-01 15:59:35,319 INFO WEIGHT LAYER 42: ABSAV = 0.143614, SD =0.178850, ABSMAX =0.425752, ABSMIN =0.000445
2019-04-01 15:59:35,320 INFO WEIGHT LAYER 44: ABSAV = 1.098587, SD =0.023291, ABSMAX =1.121879, ABSMIN =1.075296
2019-04-01 15:59:35,321 INFO WEIGHT LAYER 45: ABSAV = 0.216458, SD =0.260907, ABSMAX =0.720039, ABSMIN =0.001218
2019-04-01 15:59:35,321 INFO WEIGHT LAYER 49: ABSAV = 0.253982, SD =0.320190, ABSMAX =0.754926, ABSMIN =0.038624
2019-04-01 15:59:35,322 INFO WEIGHT LAYER 50: ABSAV = 0.201822, SD =0.235805, ABSMAX =0.491913, ABSMIN =0.000594
2019-04-01 15:59:35,322 INFO ------------------
2019-04-01 15:59:35,323 INFO BIAS LAYER 2: ABSAV = 0.117046, SD =0.044523, ABSMAX =0.242858, ABSMIN =0.014487
2019-04-01 15:59:35,324 INFO BIAS LAYER 5: ABSAV = 0.069106, SD =0.020085, ABSMAX =0.114292, ABSMIN =0.029048
2019-04-01 15:59:35,325 INFO BIAS LAYER 8: ABSAV = 0.092503, SD =0.028387, ABSMAX =0.197522, ABSMIN =0.020713
2019-04-01 15:59:35,326 INFO BIAS LAYER 12: ABSAV = 0.040992, SD =0.018054, ABSMAX =0.077804, ABSMIN =0.005459
2019-04-01 15:59:35,327 INFO BIAS LAYER 15: ABSAV = 0.064852, SD =0.023213, ABSMAX =0.149546, ABSMIN =0.021890
2019-04-01 15:59:35,328 INFO BIAS LAYER 19: ABSAV = 0.029212, SD =0.013415, ABSMAX =0.056639, ABSMIN =0.000994
2019-04-01 15:59:35,329 INFO BIAS LAYER 22: ABSAV = 0.044103, SD =0.019967, ABSMAX =0.128028, ABSMIN =0.008463
2019-04-01 15:59:35,330 INFO BIAS LAYER 26: ABSAV = 0.014813, SD =0.012723, ABSMAX =0.043409, ABSMIN =0.000373
2019-04-01 15:59:35,331 INFO BIAS LAYER 29: ABSAV = 0.029296, SD =0.017587, ABSMAX =0.105281, ABSMIN =0.001420
2019-04-01 15:59:35,333 INFO BIAS LAYER 33: ABSAV = 0.010127, SD =0.010022, ABSMAX =0.025743, ABSMIN =0.000042
2019-04-01 15:59:35,334 INFO BIAS LAYER 36: ABSAV = 0.016235, SD =0.013666, ABSMAX =0.068326, ABSMIN =0.000219
2019-04-01 15:59:35,335 INFO BIAS LAYER 40: ABSAV = 0.389130, SD =0.000000, ABSMAX =0.389130, ABSMIN =0.389130
2019-04-01 15:59:35,335 INFO BIAS LAYER 44: ABSAV = 0.211725, SD =0.071342, ABSMAX =0.283067, ABSMIN =0.140383
2019-04-01 15:59:35,336 INFO ******************
