2019-03-27 15:28:14,383 INFO =*=*=*=*=*=*=*=*=*=*=*=*=*=*=*=*=*=*=*=*=*
2019-03-27 15:28:14,384 INFO =*=*=*=*=*=.      NEW LOG      =*=*=*=*=*
2019-03-27 15:28:14,384 INFO =*=*=*=*=*=*=*=*=*=*=*=*=*=*=*=*=*=*=*=*=*
2019-03-27 15:43:17,275 INFO =*=*=*=*=*=*=*=*=*=*=*=*=*=*=*=*=*=*=*=*=*
2019-03-27 15:43:17,276 INFO =*=*=*=*=*=.      NEW LOG      =*=*=*=*=*
2019-03-27 15:43:17,276 INFO =*=*=*=*=*=*=*=*=*=*=*=*=*=*=*=*=*=*=*=*=*
2019-03-27 15:45:52,106 INFO =*=*=*=*=*=*=*=*=*=*=*=*=*=*=*=*=*=*=*=*=*
2019-03-27 15:45:52,106 INFO =*=*=*=*=*=.      NEW LOG      =*=*=*=*=*
2019-03-27 15:45:52,107 INFO =*=*=*=*=*=*=*=*=*=*=*=*=*=*=*=*=*=*=*=*=*
2019-03-27 15:46:02,646 INFO BEST PLAYER VERSION: 0
2019-03-27 15:46:02,647 INFO ====================
2019-03-27 15:46:02,647 INFO EPISODE 1 OF 30
2019-03-27 15:46:02,647 INFO ====================
2019-03-27 15:46:02,648 INFO best_player plays as X
2019-03-27 15:46:02,648 INFO --------------
2019-03-27 15:46:02,648 INFO ['-', '-', '-', '-', '-', '-', '-']
2019-03-27 15:46:02,648 INFO ['-', '-', '-', '-', '-', '-', '-']
2019-03-27 15:46:02,648 INFO ['-', '-', '-', '-', '-', '-', '-']
2019-03-27 15:46:02,649 INFO ['-', '-', '-', '-', '-', '-', '-']
2019-03-27 15:46:02,649 INFO ['-', '-', '-', '-', '-', '-', '-']
2019-03-27 15:46:02,649 INFO ['-', '-', '-', '-', '-', '-', '-']
2019-03-27 15:46:02,649 INFO --------------
2019-03-27 15:46:04,002 INFO action: 37
2019-03-27 15:46:04,002 INFO ['----', '----', '----', '----', '----', '----', '----']
2019-03-27 15:46:04,002 INFO ['----', '----', '----', '----', '----', '----', '----']
2019-03-27 15:46:04,002 INFO ['----', '----', '----', '----', '----', '----', '----']
2019-03-27 15:46:04,002 INFO ['----', '----', '----', '----', '----', '----', '----']
2019-03-27 15:46:04,002 INFO ['----', '----', '----', '----', '----', '----', '----']
2019-03-27 15:46:04,002 INFO ['0.14', '0.14', '0.12', '0.12', '0.16', '0.14', '0.16']
2019-03-27 15:46:04,002 INFO MCTS perceived value for X: -0.010000
2019-03-27 15:46:04,003 INFO NN perceived value for X: -0.010000
2019-03-27 15:46:04,003 INFO ====================
2019-03-27 15:46:04,003 INFO ['-', '-', '-', '-', '-', '-', '-']
2019-03-27 15:46:04,003 INFO ['-', '-', '-', '-', '-', '-', '-']
2019-03-27 15:46:04,003 INFO ['-', '-', '-', '-', '-', '-', '-']
2019-03-27 15:46:04,003 INFO ['-', '-', '-', '-', '-', '-', '-']
2019-03-27 15:46:04,003 INFO ['-', '-', '-', '-', '-', '-', '-']
2019-03-27 15:46:04,003 INFO ['-', '-', 'X', '-', '-', '-', '-']
2019-03-27 15:46:04,003 INFO --------------
2019-03-27 15:46:04,868 INFO action: 39
2019-03-27 15:46:04,868 INFO ['----', '----', '----', '----', '----', '----', '----']
2019-03-27 15:46:04,868 INFO ['----', '----', '----', '----', '----', '----', '----']
2019-03-27 15:46:04,868 INFO ['----', '----', '----', '----', '----', '----', '----']
2019-03-27 15:46:04,868 INFO ['----', '----', '----', '----', '----', '----', '----']
2019-03-27 15:46:04,868 INFO ['----', '----', '0.13', '----', '----', '----', '----']
2019-03-27 15:46:04,869 INFO ['0.15', '0.16', '----', '0.13', '0.11', '0.15', '0.18']
2019-03-27 15:46:04,869 INFO MCTS perceived value for O: -0.020000
2019-03-27 15:46:04,869 INFO NN perceived value for O: -0.030000
2019-03-27 15:46:04,869 INFO ====================
2019-03-27 15:46:04,869 INFO ['-', '-', '-', '-', '-', '-', '-']
2019-03-27 15:46:04,869 INFO ['-', '-', '-', '-', '-', '-', '-']
2019-03-27 15:46:04,869 INFO ['-', '-', '-', '-', '-', '-', '-']
2019-03-27 15:46:04,869 INFO ['-', '-', '-', '-', '-', '-', '-']
2019-03-27 15:46:04,869 INFO ['-', '-', '-', '-', '-', '-', '-']
2019-03-27 15:46:04,870 INFO ['-', '-', 'X', '-', 'O', '-', '-']
2019-03-27 15:46:04,870 INFO --------------
2019-03-27 15:46:05,700 INFO action: 41
2019-03-27 15:46:05,700 INFO ['----', '----', '----', '----', '----', '----', '----']
2019-03-27 15:46:05,700 INFO ['----', '----', '----', '----', '----', '----', '----']
2019-03-27 15:46:05,700 INFO ['----', '----', '----', '----', '----', '----', '----']
2019-03-27 15:46:05,700 INFO ['----', '----', '----', '----', '----', '----', '----']
2019-03-27 15:46:05,700 INFO ['----', '----', '0.11', '----', '0.15', '----', '----']
2019-03-27 15:46:05,700 INFO ['0.15', '0.15', '----', '0.15', '----', '0.15', '0.16']
2019-03-27 15:46:05,700 INFO MCTS perceived value for X: 0.030000
2019-03-27 15:46:05,701 INFO NN perceived value for X: -0.000000
2019-03-27 15:46:05,701 INFO ====================
2019-03-27 15:46:05,701 INFO ['-', '-', '-', '-', '-', '-', '-']
2019-03-27 15:46:05,701 INFO ['-', '-', '-', '-', '-', '-', '-']
2019-03-27 15:46:05,701 INFO ['-', '-', '-', '-', '-', '-', '-']
2019-03-27 15:46:05,701 INFO ['-', '-', '-', '-', '-', '-', '-']
2019-03-27 15:46:05,701 INFO ['-', '-', '-', '-', '-', '-', '-']
2019-03-27 15:46:05,701 INFO ['-', '-', 'X', '-', 'O', '-', 'X']
2019-03-27 15:46:05,701 INFO --------------
2019-03-27 15:46:06,682 INFO action: 35
2019-03-27 15:46:06,682 INFO ['----', '----', '----', '----', '----', '----', '----']
2019-03-27 15:46:06,683 INFO ['----', '----', '----', '----', '----', '----', '----']
2019-03-27 15:46:06,683 INFO ['----', '----', '----', '----', '----', '----', '----']
2019-03-27 15:46:06,683 INFO ['----', '----', '----', '----', '----', '----', '----']
2019-03-27 15:46:06,683 INFO ['----', '----', '0.12', '----', '0.14', '----', '0.14']
2019-03-27 15:46:06,683 INFO ['0.17', '0.17', '----', '0.12', '----', '0.14', '----']
2019-03-27 15:46:06,683 INFO MCTS perceived value for O: -0.010000
2019-03-27 15:46:06,683 INFO NN perceived value for O: -0.050000
2019-03-27 15:46:06,683 INFO ====================
2019-03-27 15:46:06,683 INFO ['-', '-', '-', '-', '-', '-', '-']
2019-03-27 15:46:06,684 INFO ['-', '-', '-', '-', '-', '-', '-']
2019-03-27 15:46:06,684 INFO ['-', '-', '-', '-', '-', '-', '-']
2019-03-27 15:46:06,684 INFO ['-', '-', '-', '-', '-', '-', '-']
2019-03-27 15:46:06,684 INFO ['-', '-', '-', '-', '-', '-', '-']
2019-03-27 15:46:06,684 INFO ['O', '-', 'X', '-', 'O', '-', 'X']
2019-03-27 15:46:06,684 INFO --------------
2019-03-27 15:46:07,532 INFO action: 36
2019-03-27 15:46:07,532 INFO ['----', '----', '----', '----', '----', '----', '----']
2019-03-27 15:46:07,532 INFO ['----', '----', '----', '----', '----', '----', '----']
2019-03-27 15:46:07,532 INFO ['----', '----', '----', '----', '----', '----', '----']
2019-03-27 15:46:07,532 INFO ['----', '----', '----', '----', '----', '----', '----']
2019-03-27 15:46:07,532 INFO ['0.14', '----', '0.10', '----', '0.17', '----', '0.12']
2019-03-27 15:46:07,532 INFO ['----', '0.15', '----', '0.15', '----', '0.17', '----']
2019-03-27 15:46:07,532 INFO MCTS perceived value for X: 0.040000
2019-03-27 15:46:07,533 INFO NN perceived value for X: 0.020000
2019-03-27 15:46:07,533 INFO ====================
2019-03-27 15:46:07,533 INFO ['-', '-', '-', '-', '-', '-', '-']
2019-03-27 15:46:07,533 INFO ['-', '-', '-', '-', '-', '-', '-']
2019-03-27 15:46:07,533 INFO ['-', '-', '-', '-', '-', '-', '-']
2019-03-27 15:46:07,533 INFO ['-', '-', '-', '-', '-', '-', '-']
2019-03-27 15:46:07,533 INFO ['-', '-', '-', '-', '-', '-', '-']
2019-03-27 15:46:07,533 INFO ['O', 'X', 'X', '-', 'O', '-', 'X']
2019-03-27 15:46:07,533 INFO --------------
2019-03-27 15:46:08,376 INFO action: 34
2019-03-27 15:46:08,376 INFO ['----', '----', '----', '----', '----', '----', '----']
2019-03-27 15:46:08,376 INFO ['----', '----', '----', '----', '----', '----', '----']
2019-03-27 15:46:08,376 INFO ['----', '----', '----', '----', '----', '----', '----']
2019-03-27 15:46:08,376 INFO ['----', '----', '----', '----', '----', '----', '----']
2019-03-27 15:46:08,376 INFO ['0.14', '0.12', '0.14', '----', '0.17', '----', '0.14']
2019-03-27 15:46:08,376 INFO ['----', '----', '----', '0.14', '----', '0.16', '----']
2019-03-27 15:46:08,376 INFO MCTS perceived value for O: -0.050000
2019-03-27 15:46:08,376 INFO NN perceived value for O: -0.080000
2019-03-27 15:46:08,376 INFO ====================
2019-03-27 15:46:08,377 INFO ['-', '-', '-', '-', '-', '-', '-']
2019-03-27 15:46:08,377 INFO ['-', '-', '-', '-', '-', '-', '-']
2019-03-27 15:46:08,377 INFO ['-', '-', '-', '-', '-', '-', '-']
2019-03-27 15:46:08,377 INFO ['-', '-', '-', '-', '-', '-', '-']
2019-03-27 15:46:08,377 INFO ['-', '-', '-', '-', '-', '-', 'O']
2019-03-27 15:46:08,377 INFO ['O', 'X', 'X', '-', 'O', '-', 'X']
2019-03-27 15:46:08,377 INFO --------------
2019-03-27 15:46:09,224 INFO action: 40
2019-03-27 15:46:09,224 INFO ['----', '----', '----', '----', '----', '----', '----']
2019-03-27 15:46:09,224 INFO ['----', '----', '----', '----', '----', '----', '----']
2019-03-27 15:46:09,224 INFO ['----', '----', '----', '----', '----', '----', '----']
2019-03-27 15:46:09,224 INFO ['----', '----', '----', '----', '----', '----', '0.19']
2019-03-27 15:46:09,224 INFO ['0.12', '0.12', '0.12', '----', '0.14', '----', '----']
2019-03-27 15:46:09,224 INFO ['----', '----', '----', '0.14', '----', '0.16', '----']
2019-03-27 15:46:09,224 INFO MCTS perceived value for X: 0.070000
2019-03-27 15:46:09,224 INFO NN perceived value for X: 0.090000
2019-03-27 15:46:09,224 INFO ====================
2019-03-27 15:46:09,225 INFO ['-', '-', '-', '-', '-', '-', '-']
2019-03-27 15:46:09,225 INFO ['-', '-', '-', '-', '-', '-', '-']
2019-03-27 15:46:09,225 INFO ['-', '-', '-', '-', '-', '-', '-']
2019-03-27 15:46:09,225 INFO ['-', '-', '-', '-', '-', '-', '-']
2019-03-27 15:46:09,225 INFO ['-', '-', '-', '-', '-', '-', 'O']
2019-03-27 15:46:09,225 INFO ['O', 'X', 'X', '-', 'O', 'X', 'X']
2019-03-27 15:46:09,225 INFO --------------
2019-03-27 15:46:10,152 INFO action: 32
2019-03-27 15:46:10,152 INFO ['----', '----', '----', '----', '----', '----', '----']
2019-03-27 15:46:10,153 INFO ['----', '----', '----', '----', '----', '----', '----']
2019-03-27 15:46:10,153 INFO ['----', '----', '----', '----', '----', '----', '----']
2019-03-27 15:46:10,153 INFO ['----', '----', '----', '----', '----', '----', '0.14']
2019-03-27 15:46:10,153 INFO ['0.16', '0.14', '0.16', '----', '0.14', '0.14', '----']
2019-03-27 15:46:10,153 INFO ['----', '----', '----', '0.14', '----', '----', '----']
2019-03-27 15:46:10,153 INFO MCTS perceived value for O: -0.090000
2019-03-27 15:46:10,153 INFO NN perceived value for O: -0.090000
2019-03-27 15:46:10,153 INFO ====================
2019-03-27 15:46:10,154 INFO ['-', '-', '-', '-', '-', '-', '-']
2019-03-27 15:46:10,154 INFO ['-', '-', '-', '-', '-', '-', '-']
2019-03-27 15:46:10,154 INFO ['-', '-', '-', '-', '-', '-', '-']
2019-03-27 15:46:10,154 INFO ['-', '-', '-', '-', '-', '-', '-']
2019-03-27 15:46:10,154 INFO ['-', '-', '-', '-', 'O', '-', 'O']
2019-03-27 15:46:10,154 INFO ['O', 'X', 'X', '-', 'O', 'X', 'X']
2019-03-27 15:46:10,154 INFO --------------
2019-03-27 15:46:11,006 INFO action: 28
2019-03-27 15:46:11,006 INFO ['----', '----', '----', '----', '----', '----', '----']
2019-03-27 15:46:11,006 INFO ['----', '----', '----', '----', '----', '----', '----']
2019-03-27 15:46:11,006 INFO ['----', '----', '----', '----', '----', '----', '----']
2019-03-27 15:46:11,007 INFO ['----', '----', '----', '----', '0.21', '----', '0.16']
2019-03-27 15:46:11,007 INFO ['0.14', '0.12', '0.12', '----', '----', '0.12', '----']
2019-03-27 15:46:11,007 INFO ['----', '----', '----', '0.12', '----', '----', '----']
2019-03-27 15:46:11,007 INFO MCTS perceived value for X: 0.080000
2019-03-27 15:46:11,007 INFO NN perceived value for X: 0.120000
2019-03-27 15:46:11,007 INFO ====================
2019-03-27 15:46:11,007 INFO ['-', '-', '-', '-', '-', '-', '-']
2019-03-27 15:46:11,007 INFO ['-', '-', '-', '-', '-', '-', '-']
2019-03-27 15:46:11,008 INFO ['-', '-', '-', '-', '-', '-', '-']
2019-03-27 15:46:11,008 INFO ['-', '-', '-', '-', '-', '-', '-']
2019-03-27 15:46:11,008 INFO ['X', '-', '-', '-', 'O', '-', 'O']
2019-03-27 15:46:11,008 INFO ['O', 'X', 'X', '-', 'O', 'X', 'X']
2019-03-27 15:46:11,008 INFO --------------
2019-03-27 15:46:11,919 INFO action: 33
2019-03-27 15:46:11,919 INFO ['----', '----', '----', '----', '----', '----', '----']
2019-03-27 15:46:11,919 INFO ['----', '----', '----', '----', '----', '----', '----']
2019-03-27 15:46:11,919 INFO ['----', '----', '----', '----', '----', '----', '----']
2019-03-27 15:46:11,919 INFO ['0.18', '----', '----', '----', '0.09', '----', '0.12']
2019-03-27 15:46:11,919 INFO ['----', '0.11', '0.18', '----', '----', '0.19', '----']
2019-03-27 15:46:11,919 INFO ['----', '----', '----', '0.14', '----', '----', '----']
2019-03-27 15:46:11,919 INFO MCTS perceived value for O: -0.090000
2019-03-27 15:46:11,919 INFO NN perceived value for O: -0.050000
2019-03-27 15:46:11,919 INFO ====================
2019-03-27 15:46:11,920 INFO ['-', '-', '-', '-', '-', '-', '-']
2019-03-27 15:46:11,920 INFO ['-', '-', '-', '-', '-', '-', '-']
2019-03-27 15:46:11,920 INFO ['-', '-', '-', '-', '-', '-', '-']
2019-03-27 15:46:11,920 INFO ['-', '-', '-', '-', '-', '-', '-']
2019-03-27 15:46:11,920 INFO ['X', '-', '-', '-', 'O', 'O', 'O']
2019-03-27 15:46:11,920 INFO ['O', 'X', 'X', '-', 'O', 'X', 'X']
2019-03-27 15:46:11,920 INFO --------------
2019-03-27 15:46:13,027 INFO action: 21
2019-03-27 15:46:13,027 INFO ['----', '----', '----', '----', '----', '----', '----']
2019-03-27 15:46:13,027 INFO ['----', '----', '----', '----', '----', '----', '----']
2019-03-27 15:46:13,027 INFO ['----', '----', '----', '----', '----', '----', '----']
2019-03-27 15:46:13,027 INFO ['0.25', '----', '----', '----', '0.15', '0.15', '0.13']
2019-03-27 15:46:13,027 INFO ['----', '0.12', '0.12', '----', '----', '----', '----']
2019-03-27 15:46:13,027 INFO ['----', '----', '----', '0.08', '----', '----', '----']
2019-03-27 15:46:13,027 INFO MCTS perceived value for X: 0.100000
2019-03-27 15:46:13,027 INFO NN perceived value for X: 0.140000
2019-03-27 15:46:13,027 INFO ====================
2019-03-27 15:46:13,028 INFO ['-', '-', '-', '-', '-', '-', '-']
2019-03-27 15:46:13,028 INFO ['-', '-', '-', '-', '-', '-', '-']
2019-03-27 15:46:13,028 INFO ['-', '-', '-', '-', '-', '-', '-']
2019-03-27 15:46:13,028 INFO ['X', '-', '-', '-', '-', '-', '-']
2019-03-27 15:46:13,028 INFO ['X', '-', '-', '-', 'O', 'O', 'O']
2019-03-27 15:46:13,028 INFO ['O', 'X', 'X', '-', 'O', 'X', 'X']
2019-03-27 15:46:13,028 INFO --------------
2019-03-27 15:46:13,961 INFO action: 30
2019-03-27 15:46:13,961 INFO ['----', '----', '----', '----', '----', '----', '----']
2019-03-27 15:46:13,961 INFO ['----', '----', '----', '----', '----', '----', '----']
2019-03-27 15:46:13,962 INFO ['0.14', '----', '----', '----', '----', '----', '----']
2019-03-27 15:46:13,962 INFO ['----', '----', '----', '----', '0.14', '0.14', '0.14']
2019-03-27 15:46:13,962 INFO ['----', '0.12', '0.17', '----', '----', '----', '----']
2019-03-27 15:46:13,962 INFO ['----', '----', '----', '0.14', '----', '----', '----']
2019-03-27 15:46:13,962 INFO MCTS perceived value for O: -0.100000
2019-03-27 15:46:13,962 INFO NN perceived value for O: -0.000000
2019-03-27 15:46:13,962 INFO ====================
2019-03-27 15:46:13,963 INFO ['-', '-', '-', '-', '-', '-', '-']
2019-03-27 15:46:13,963 INFO ['-', '-', '-', '-', '-', '-', '-']
2019-03-27 15:46:13,963 INFO ['-', '-', '-', '-', '-', '-', '-']
2019-03-27 15:46:13,963 INFO ['X', '-', '-', '-', '-', '-', '-']
2019-03-27 15:46:13,963 INFO ['X', '-', 'O', '-', 'O', 'O', 'O']
2019-03-27 15:46:13,963 INFO ['O', 'X', 'X', '-', 'O', 'X', 'X']
2019-03-27 15:46:13,963 INFO --------------
2019-03-27 15:46:14,871 INFO action: 14
2019-03-27 15:46:14,871 INFO ['----', '----', '----', '----', '----', '----', '----']
2019-03-27 15:46:14,871 INFO ['----', '----', '----', '----', '----', '----', '----']
2019-03-27 15:46:14,871 INFO ['0.32', '----', '----', '----', '----', '----', '----']
2019-03-27 15:46:14,871 INFO ['----', '----', '0.12', '----', '0.12', '0.13', '0.12']
2019-03-27 15:46:14,871 INFO ['----', '0.10', '----', '----', '----', '----', '----']
2019-03-27 15:46:14,872 INFO ['----', '----', '----', '0.10', '----', '----', '----']
2019-03-27 15:46:14,872 INFO MCTS perceived value for X: 0.340000
2019-03-27 15:46:14,872 INFO NN perceived value for X: 0.160000
2019-03-27 15:46:14,872 INFO ====================
2019-03-27 15:46:14,873 INFO ['-', '-', '-', '-', '-', '-', '-']
2019-03-27 15:46:14,873 INFO ['-', '-', '-', '-', '-', '-', '-']
2019-03-27 15:46:14,873 INFO ['X', '-', '-', '-', '-', '-', '-']
2019-03-27 15:46:14,873 INFO ['X', '-', '-', '-', '-', '-', '-']
2019-03-27 15:46:14,873 INFO ['X', '-', 'O', '-', 'O', 'O', 'O']
2019-03-27 15:46:14,873 INFO ['O', 'X', 'X', '-', 'O', 'X', 'X']
2019-03-27 15:46:14,873 INFO --------------
2019-03-27 15:46:15,855 INFO action: 7
2019-03-27 15:46:15,855 INFO ['----', '----', '----', '----', '----', '----', '----']
2019-03-27 15:46:15,856 INFO ['0.78', '----', '----', '----', '----', '----', '----']
2019-03-27 15:46:15,856 INFO ['----', '----', '----', '----', '----', '----', '----']
2019-03-27 15:46:15,856 INFO ['----', '----', '0.04', '----', '0.03', '0.03', '0.04']
2019-03-27 15:46:15,856 INFO ['----', '0.03', '----', '----', '----', '----', '----']
2019-03-27 15:46:15,856 INFO ['----', '----', '----', '0.04', '----', '----', '----']
2019-03-27 15:46:15,856 INFO MCTS perceived value for O: 0.010000
2019-03-27 15:46:15,856 INFO NN perceived value for O: 0.020000
2019-03-27 15:46:15,856 INFO ====================
2019-03-27 15:46:15,857 INFO ['-', '-', '-', '-', '-', '-', '-']
2019-03-27 15:46:15,857 INFO ['O', '-', '-', '-', '-', '-', '-']
2019-03-27 15:46:15,857 INFO ['X', '-', '-', '-', '-', '-', '-']
2019-03-27 15:46:15,857 INFO ['X', '-', '-', '-', '-', '-', '-']
2019-03-27 15:46:15,857 INFO ['X', '-', 'O', '-', 'O', 'O', 'O']
2019-03-27 15:46:15,857 INFO ['O', 'X', 'X', '-', 'O', 'X', 'X']
2019-03-27 15:46:15,857 INFO --------------
